26
 energy: -41.439986029938 gnorm: 0.810041978991 xtb: 6.7.1 (edcfbbe)
O            2.93258600000000       -0.67839800000000       -1.43445900000000
C            2.04891400000000       -0.58406300000000       -0.59853600000000
C            0.86796500000000       -1.46479900000000       -0.55394100000000
C           -0.12595700000000       -1.21891400000000        0.32902600000000
C           -1.46057100000000       -1.90171500000000        0.31303400000000
C           -2.53781400000000       -1.05870000000000       -0.40356400000000
C           -2.64122400000000        0.40189300000000        0.08235600000000
C           -1.42459200000000        1.20392300000000       -0.35168300000000
O           -1.37926700000000        1.72989400000000       -1.44505200000000
C           -0.47054741920000        2.12371147360000        0.20132459300000
C            0.49883591920000        2.40656556710000       -0.26815326210000
C            2.62877508080000       -0.18787856710000        0.72291626210000
O            1.44674500000000        0.04141600000000        1.64796900000000
C            0.28492941920000       -0.92601647360000        1.74353540700000
H            0.80280500000000       -2.26385100000000       -1.29761700000000
H           -1.37880300000000       -2.87596400000000       -0.19128600000000
H           -1.78371700000000       -2.08829300000000        1.35106700000000
H           -3.51380100000000       -1.54838900000000       -0.26534200000000
H           -2.33242000000000       -1.05132900000000       -1.48609200000000
H           -2.76244000000000        0.43292200000000        1.17707100000000
H           -3.52333600000000        0.86964700000000       -0.37804200000000
H           -0.56571800000000        1.99289200000000        1.41338900000000
H            1.02057000000000        1.79094300000000       -1.08276100000000
H            1.44975500000000        2.63576600000000        0.42131100000000
H            3.06468300000000        0.85620100000000        0.65144100000000
H           -0.49037900000000       -0.25788700000000        2.24130100000000
26
 energy: -41.664186465431 gnorm: 0.269519676136 xtb: 6.7.1 (edcfbbe)
O            2.93057101140533       -0.66772095767561       -1.47166310211730
C            2.08802644055104       -0.65249206569063       -0.57399759691011
C            0.86748321015466       -1.46613763519573       -0.56436112677156
C           -0.11634223428725       -1.26086689964026        0.35720332991282
C           -1.46708375179942       -1.90753102106830        0.31457655511556
C           -2.53704950601622       -1.06083521574271       -0.40694400558005
C           -2.63982719930318        0.39419458385459        0.08509106124199
C           -1.47401426771331        1.23370126509103       -0.37107977005319
O           -1.42309904903549        1.70024396539986       -1.51573920574674
C           -0.50147246184401        2.05661435675298        0.29722933844391
C            0.61975384802693        2.37915269713427       -0.25253994104174
C            2.54432806541331       -0.13571105479725        0.73412808425630
O            1.46507276778373        0.01775026112063        1.67537324253298
C            0.29986503021289       -0.83066697931067        1.69181468735232
H            0.79125283090620       -2.24281001426619       -1.31868692461327
H           -1.38373026963360       -2.87461725512048       -0.19225666859162
H           -1.78648437513172       -2.08878765572928        1.34727237989418
H           -3.50989964131543       -1.54664987841285       -0.26546480986552
H           -2.33167722345207       -1.04987974207581       -1.48401704993374
H           -2.75832563524351        0.43168745512779        1.17464136831348
H           -3.51814899368169        0.86461372534234       -0.37594637676606
H           -0.58545316210185        2.02664411215839        1.43470756733792
H            1.02322520967523        1.82080619804410       -1.11879737975900
H            1.46241093193048        2.67137243810217        0.41313703854565
H            3.07467929146243        0.83933319131935        0.66858788110976
H           -0.47808386696352       -0.27183087472170        2.25694442369302
26
 energy: -41.759748340966 gnorm: 0.117480326170 xtb: 6.7.1 (edcfbbe)
O            2.92486809534122       -0.66453184440305       -1.48994009366110
C            2.11769282358801       -0.71575330299514       -0.55158534948964
C            0.87818701793772       -1.48087978708352       -0.56549855004278
C           -0.09103803405721       -1.30638673114878        0.38912658977799
C           -1.46591075734844       -1.91113258465655        0.32062240960171
C           -2.52716859302997       -1.05749813791879       -0.40764610886189
C           -2.62428300792067        0.39764455619641        0.08568032584017
C           -1.50200887064011        1.28049403000311       -0.40787309951748
O           -1.45659936377899        1.66671016627769       -1.58534789517142
C           -0.48213346548293        1.98375340971285        0.37068121441401
C            0.67109402349077        2.31981146249330       -0.20331312429010
C            2.42592857844124       -0.08673893496502        0.74203903638354
O            1.46908581946741        0.00106953891805        1.67327885704632
C            0.32892549976992       -0.71517062169173        1.62569614663902
H            0.76835428477617       -2.20814803027870       -1.35819913687761
H           -1.39237523889770       -2.87257204746315       -0.19176933157712
H           -1.79392147820653       -2.08973469763948        1.34545331920966
H           -3.49898562911613       -1.54126591778309       -0.26387619981617
H           -2.32604441923314       -1.04652684932937       -1.48108259695978
H           -2.74347511411506        0.43154778682132        1.17131433167678
H           -3.51363068695761        0.85238876433112       -0.36896376137859
H           -0.59089544963905        2.06636301306194        1.43365399777744
H            0.99140730914012        1.86027827121690       -1.14139221647475
H            1.45271148640718        2.70235571351875        0.40909261312757
H            3.08663208001217        0.80335386212712        0.70521048242317
H           -0.45043990994843       -0.28985408732219        2.28385114020104
26
 energy: -41.790327888072 gnorm: 0.065763698326 xtb: 6.7.1 (edcfbbe)
O            2.91747937305620       -0.67853254464229       -1.48763147215731
C            2.12377972900662       -0.74240708182367       -0.54618933674888
C            0.89275504104257       -1.50012694308087       -0.55546531645104
C           -0.06873116446488       -1.32849707146062        0.40878306585982
C           -1.45603856539258       -1.91114679396573        0.32909379354979
C           -2.50458286707714       -1.04970222223289       -0.40707475060327
C           -2.61271203619939        0.40399741052596        0.08431535666850
C           -1.51150688285374        1.29184267387057       -0.45181996942548
O           -1.49042425689133        1.62838332416828       -1.62944653125346
C           -0.46347706973907        1.90541773657680        0.40121753037463
C            0.70232926468419        2.25216366407966       -0.17041426493941
C            2.34267424075756       -0.05198453076662        0.71854395544145
O            1.46276881492880       -0.02093345222541        1.66204619686134
C            0.31918584148451       -0.63507026278977        1.57761199417583
H            0.73215347290762       -2.16027918880802       -1.40690646853744
H           -1.39836528680706       -2.87056526345675       -0.18788061789465
H           -1.80287957152401       -2.08774465714420        1.34749719607621
H           -3.47636627465754       -1.53109064742807       -0.26051024333527
H           -2.30624417192765       -1.04036791540723       -1.47946465232292
H           -2.70833591663000        0.43687782218979        1.17003132025395
H           -3.52193468622691        0.83394881520208       -0.35480920402176
H           -0.63974763229924        2.11915758153979        1.45959577768168
H            0.97339333661960        1.90379620973395       -1.17315935631801
H            1.46838887332482        2.75878015981930        0.41754487230187
H            3.10500848200431        0.75680454224821        0.75548027474383
H           -0.42259308712626       -0.30314436472223        2.31822385002008
26
 energy: -41.798650840712 gnorm: 0.049112567019 xtb: 6.7.1 (edcfbbe)
O            2.90668508027795       -0.68411746130863       -1.49861832597586
C            2.12642507248228       -0.75431679184173       -0.54393162551059
C            0.88419423419253       -1.49558590240337       -0.55544706090880
C           -0.06905853523654       -1.32732171209860        0.42014723082242
C           -1.45124913267516       -1.91309814814652        0.34030999138477
C           -2.47999125220555       -1.04130539425890       -0.40479902872035
C           -2.59492437966824        0.41190578211623        0.08485325559878
C           -1.51062343506498        1.30559667811358       -0.48686918801900
O           -1.50627105037813        1.58826197446819       -1.67349737652979
C           -0.46801773284174        1.88864473267750        0.40189303885130
C            0.70903668157143        2.23914425568928       -0.14791729350081
C            2.31702345457306       -0.02411642724697        0.68603929410301
O            1.47883844358372       -0.04345993902156        1.69001051307183
C            0.28718331256457       -0.58629201944759        1.55104061403153
H            0.68720775022825       -2.10789610846205       -1.43743620693830
H           -1.40127967298364       -2.87158841688440       -0.17856393130349
H           -1.81256926893939       -2.08624861917968        1.35477218827314
H           -3.45166539287023       -1.52189022527943       -0.26498043797251
H           -2.26951540803263       -1.03115613737278       -1.47489912213298
H           -2.65382824042061        0.44997843947293        1.17230584504969
H           -3.52944855942345        0.81054424884427       -0.33183771140906
H           -0.68259645060367        2.09763889722247        1.42663598507212
H            0.95945146307658        1.95449410459953       -1.15983046339163
H            1.46519621163415        2.72769113162891        0.41632416550841
H            3.12304679737453        0.71797067525827        0.79381148336018
H           -0.40727299021507       -0.32390061713892        2.35969716718615
26
 energy: -41.802977469107 gnorm: 0.052734626916 xtb: 6.7.1 (edcfbbe)
O            2.91442262185707       -0.71651907993451       -1.49060849479397
C            2.12445775734067       -0.75404079934335       -0.54802264519970
C            0.86238337231851       -1.47575347306638       -0.56625554364804
C           -0.07639205322833       -1.32637750968101        0.43322550323292
C           -1.45208762073411       -1.91747364115862        0.35337149183139
C           -2.46247915577016       -1.03589928354074       -0.40109355018998
C           -2.57878149034636        0.41523020640557        0.09309517114349
C           -1.49757824994098        1.29299478241312       -0.51061483128661
O           -1.49563816830673        1.51946939874608       -1.70921937331863
C           -0.46553411150752        1.86232740392535        0.39323489257773
C            0.72468142460437        2.20734865039184       -0.11954357824379
C            2.28819417938672       -0.00180900689904        0.66537229461662
O            1.41807580554142        0.03471804587238        1.61828965191104
C            0.27544126436068       -0.54927984930023        1.53687600933621
H            0.65629868921800       -2.07300092181562       -1.43882338896382
H           -1.40543220150917       -2.87349599185760       -0.16979216010991
H           -1.82553043986159       -2.09189031854457        1.36347744994147
H           -3.43746938225590       -1.51275502563576       -0.28287214887155
H           -2.22721701936851       -1.01550705581018       -1.46723437015471
H           -2.59460616085057        0.46098464639967        1.18243936303985
H           -3.53031535038001        0.79755440651371       -0.29636844011598
H           -0.75512239474095        2.11598997936987        1.40956626179208
H            0.95840864686629        1.99187994569893       -1.15198246600258
H            1.46732115983604        2.74574199512513        0.44348508304928
H            3.16744556779594        0.65373297328006        0.81319560140146
H           -0.39696969032479       -0.37459347755413        2.38601521702597
26
 energy: -41.804611776374 gnorm: 0.035725249764 xtb: 6.7.1 (edcfbbe)
O            2.91256153515856       -0.73996425652177       -1.48788242843307
C            2.11504783560018       -0.75199909989445       -0.54930936995367
C            0.84704129708221       -1.46760137924765       -0.56591023521841
C           -0.08461470919433       -1.32378707037532        0.43807686399900
C           -1.45659844346778       -1.92044393545818        0.35925081291782
C           -2.45845775848173       -1.03776730814839       -0.40413982588963
C           -2.56768751622298        0.41135372825211        0.09740789677188
C           -1.48474763575903        1.27345773744025       -0.52465979773832
O           -1.47949401747046        1.47892968504859       -1.72594465473223
C           -0.47169488123629        1.86164872281582        0.37527090510631
C            0.72116502463725        2.20859111336541       -0.10985100351877
C            2.29981005798859        0.00135827901058        0.65672890041838
O            1.43330475007647        0.03550227233350        1.63763064688611
C            0.25907676742458       -0.53997692564545        1.54595077087991
H            0.62855789413905       -2.05103696686870       -1.44597272820676
H           -1.40748151967379       -2.87875509819477       -0.15885347697175
H           -1.83423501860208       -2.09133636803111        1.36857767343021
H           -3.43776927711725       -1.51086502341939       -0.30876500504349
H           -2.19915671098460       -1.00741408960647       -1.46560108078299
H           -2.55473472268702        0.45875192683652        1.18753981307952
H           -3.52301670789548        0.80083640901991       -0.26677561884062
H           -0.78306388714319        2.10119460488378        1.39146931924653
H            0.95653706077042        2.02314855202622       -1.15386017630237
H            1.45877935507998        2.76678432390775        0.47195652665858
H            3.14530655001311        0.63415137467614        0.80679845540075
H           -0.37845832203437       -0.35518420820492        2.37007981683738
26
 energy: -41.806281391184 gnorm: 0.042862531976 xtb: 6.7.1 (edcfbbe)
O            2.91516110831206       -0.76389013828458       -1.48140254209304
C            2.09411781353236       -0.72879882356367       -0.56323738768510
C            0.82175055103048       -1.43531111741354       -0.57975714223968
C           -0.10013861418543       -1.29773862067743        0.42836210972006
C           -1.46151014315217       -1.91657766802886        0.36489739070140
C           -2.46172062149684       -1.04250119396984       -0.40841503163450
C           -2.55826100461280        0.40662589319874        0.09699232982476
C           -1.47864496105137        1.26236334511012       -0.54323669523779
O           -1.46879908745879        1.45023289016496       -1.74628924770085
C           -0.49118948363503        1.88699428391661        0.34738020738621
C            0.70483837366183        2.24121769417612       -0.11766783818904
C            2.29259301869813        0.00725692644848        0.65111211694121
O            1.43936931357801        0.05495587463968        1.65625908374198
C            0.26100954245810       -0.53931790146663        1.54173238039846
H            0.60120803190752       -2.02420101307034       -1.45394992613833
H           -1.40180593021092       -2.88026464630288       -0.14141251562196
H           -1.83450612389778       -2.08053560672247        1.37676880450844
H           -3.44327169970449       -1.51455181650557       -0.33283078597376
H           -2.18076875200529       -1.00782043617234       -1.46449223509563
H           -2.52063465281778        0.45303739579600        1.18645855043802
H           -3.51572963570335        0.80864166893082       -0.23994079519308
H           -0.78314843092142        2.05531126379263        1.35732572860087
H            0.95338215571995        2.05113552574581       -1.14223279294229
H            1.44206049541421        2.74076822358880        0.48612002392321
H            3.19322955394880        0.59850296844365        0.82654175148179
H           -0.36261381740791       -0.40595797177429        2.43412745807904
26
 energy: -41.807354835158 gnorm: 0.025516470158 xtb: 6.7.1 (edcfbbe)
O            2.92026787750774       -0.77586796133833       -1.47688002229527
C            2.09434359075599       -0.73961780018763       -0.55859889459929
C            0.81571577068639       -1.43182930987902       -0.57836035941562
C           -0.09812500316498       -1.30151684874888        0.43924762233672
C           -1.46387332354674       -1.91569019988202        0.37469163074270
C           -2.45912733233145       -1.04510153687755       -0.41063599931441
C           -2.55181713071812        0.40452461184738        0.09259257300050
C           -1.47767727781736        1.26455148271246       -0.55284769492812
O           -1.45580958161509        1.43598100438462       -1.75842358572904
C           -0.49670736845605        1.89859614737987        0.34310009311649
C            0.70167444114549        2.26365879108606       -0.11281711748230
C            2.29170788084783        0.01821148640987        0.65296540027748
O            1.42513660199409        0.05154598666297        1.63009997074806
C            0.26383020482898       -0.54687312919571        1.55460877977781
H            0.58495031334539       -2.01459437328655       -1.46076881566059
H           -1.40226245161748       -2.88317972296270       -0.12455946084026
H           -1.84075671604261       -2.07216543403532        1.38651806953937
H           -3.44115828208063       -1.51584685174892       -0.34126552453726
H           -2.17313013947059       -1.01485856627446       -1.46434391046701
H           -2.50525083795095        0.44638480605304        1.18063859076813
H           -3.51223714553560        0.81108630998850       -0.23226216719004
H           -0.79336060580161        2.05567146004144        1.35781888083478
H            0.95579470347098        2.08582684515740       -1.14190238059958
H            1.43719481233495        2.71465902944537        0.49802729060040
H            3.19158005850692        0.59590265756905        0.81829340539321
H           -0.35492605927543       -0.40988188432097        2.42427662592352
26
 energy: -41.808227120500 gnorm: 0.019597022687 xtb: 6.7.1 (edcfbbe)
O            2.91381121037689       -0.77961428115090       -1.48047294214748
C            2.08309829605710       -0.73594072264797       -0.56352861138422
C            0.79783960288376       -1.41115814168385       -0.58842904035458
C           -0.10439234324396       -1.29541488834768        0.44392567319232
C           -1.46986875142108       -1.91419155453918        0.38448840825720
C           -2.46028261536732       -1.05061313389233       -0.41447775450727
C           -2.54698067041819        0.39968611953122        0.08462604164724
C           -1.47439967459732        1.25551526742616       -0.56752409011855
O           -1.43264111489700        1.39761254045266       -1.77914030085085
C           -0.49884757345742        1.90057435910465        0.32961583531563
C            0.70070727435815        2.27388752767790       -0.11211321986614
C            2.29170294404892        0.00929683546435        0.64650354118611
O            1.43783794580727        0.03129118563374        1.63372135923320
C            0.27021588334533       -0.55365295270074        1.56152480879660
H            0.56736016567005       -1.99855472610603       -1.46336589399157
H           -1.40502862780075       -2.88753756203963       -0.10372438393434
H           -1.84965065831173       -2.05844806165572        1.39739670457110
H           -3.44258555252648       -1.51914885439994       -0.34858140182517
H           -2.16869036723830       -1.02835101306536       -1.46600723219015
H           -2.48888152758412        0.44109900926326        1.17135473122277
H           -3.50882575737832        0.81167063366175       -0.22996069248543
H           -0.81804394289482        2.07806576739995        1.35776779388613
H            0.97137207639766        2.11217081726851       -1.14182645831487
H            1.42768227375779        2.76504948404232        0.51686555121701
H            3.20054841219384        0.56830909355925        0.82469237137210
H           -0.33707990775991       -0.43202574825642        2.44588220207374
26
 energy: -41.808578424520 gnorm: 0.016195260695 xtb: 6.7.1 (edcfbbe)
O            2.91205276555624       -0.79688474870868       -1.47538033978869
C            2.07089349659957       -0.73441994356915       -0.56851087572054
C            0.78212162861027       -1.39571508081440       -0.59459838115577
C           -0.11013144784091       -1.29235640373241        0.44739512128323
C           -1.47590346074414       -1.91325205098596        0.39315779732140
C           -2.45967722318305       -1.05728590453408       -0.42196536066555
C           -2.53938345941779        0.39320367813884        0.07493412163539
C           -1.46968707845750        1.24651335334283       -0.58232950319000
O           -1.42268620979843        1.38288901652577       -1.78592425221271
C           -0.50506532693804        1.90636356405569        0.32370389579853
C            0.69019942721344        2.30156044310243       -0.10914337339636
C            2.28521451061327        0.00047374105537        0.64652503188874
O            1.44504512509460        0.03092171358848        1.64027318399276
C            0.27644495808224       -0.55037752880488        1.57023134859720
H            0.54834833954879       -1.98367176868507       -1.46737139571363
H           -1.40848639726572       -2.89533816890779       -0.07775207346538
H           -1.85998272497751       -2.03979015033282        1.40728458241756
H           -3.44372242039263       -1.52165452370667       -0.35938626375587
H           -2.15932602510858       -1.04333757596979       -1.47108220638632
H           -2.46660887138451        0.43275586638692        1.16087852474367
H           -3.50308284666318        0.81235792424585       -0.22572136590141
H           -0.80712916400660        2.04035229622244        1.34939176516838
H            0.97217537061061        2.16336635520326       -1.15116284530138
H            1.41449031463517        2.80020325022933        0.53043359259841
H            3.21146169417704        0.53489253784279        0.82835499375097
H           -0.32159797456262       -0.44219289118832        2.45697727745795
26
 energy: -41.808769330254 gnorm: 0.019621852209 xtb: 6.7.1 (edcfbbe)
O            2.91074923828058       -0.81137280593435       -1.47316507720999
C            2.06386382175932       -0.73756115127610       -0.57208126248161
C            0.76832139641772       -1.38110189849803       -0.60147667060459
C           -0.11404364864297       -1.28535670781853        0.44710390395841
C           -1.47933917657215       -1.90887649835693        0.40066954098716
C           -2.45927679546097       -1.06135458166888       -0.42533894054859
C           -2.53366046215838        0.39011217674443        0.06842759669355
C           -1.46405417936240        1.23813398404877       -0.59334627414837
O           -1.39673106199273        1.34050605260520       -1.80437194132319
C           -0.51631739100854        1.92688300776539        0.30817612661421
C            0.67945341166612        2.33222475104080       -0.11339935386840
C            2.28669641851798       -0.00235770467101        0.64706470096867
O            1.45575476562133        0.02038872325746        1.64920368717002
C            0.28682002117076       -0.56110744374102        1.57689113917382
H            0.52214313825477       -1.96097325876142       -1.48249589504875
H           -1.41029124845961       -2.89945989526996       -0.05278315562843
H           -1.86520961553325       -2.01867701673964        1.41599891264905
H           -3.44473004885025       -1.52318911823443       -0.36616873056303
H           -2.15081626503442       -1.05529233157502       -1.47243645480006
H           -2.45487406007564        0.43248672320563        1.15260261303284
H           -3.49540150127082        0.81307423646999       -0.22815975573908
H           -0.81575702267805        2.04923938803647        1.33751864118891
H            0.98518226741758        2.17852275479531       -1.12302785750428
H            1.39217762996165        2.82226361338598        0.54077023812775
H            3.20704507555237        0.51571471998123        0.82045914765723
H           -0.30172770752001       -0.47329271879141        2.48257812124741
26
 energy: -41.808950050249 gnorm: 0.020016966406 xtb: 6.7.1 (edcfbbe)
O            2.90198977049648       -0.80383860121201       -1.47832419267408
C            2.05812634366226       -0.73080304251196       -0.57532988971663
C            0.76079602537740       -1.36866495608560       -0.60391110003379
C           -0.11705663623669       -1.27724457232071        0.44748082322465
C           -1.47975059073928       -1.90487299436042        0.40513886524953
C           -2.46032168365919       -1.06472612869725       -0.42505246605347
C           -2.53355178419696        0.38832792669048        0.06435245518924
C           -1.45989496914574        1.23103223344338       -0.59628686373110
O           -1.37905742357189        1.31701452602493       -1.81072760892792
C           -0.51946563420159        1.93129885265158        0.30440791217187
C            0.67386449024230        2.34637499591108       -0.11240824327420
C            2.29303140327404       -0.01248103470921        0.64710037608088
O            1.46505142914788        0.00007636100279        1.65877681279049
C            0.28488557991486       -0.57330397083654        1.58327030950814
H            0.50905424744806       -1.94306359529083       -1.48869732686129
H           -1.40825754650215       -2.89895852477819       -0.03957612255492
H           -1.86449633540609       -2.00755748447835        1.42098356571384
H           -3.44563452035263       -1.52730482965602       -0.36551010106331
H           -2.14989569120295       -1.06259217207705       -1.47171331354624
H           -2.45842923048052        0.43329406270467        1.14776895031972
H           -3.49230977133143        0.81150705299177       -0.23685825701010
H           -0.82914673739017        2.06566983586359        1.33803254125983
H            0.97875451170563        2.20537922251137       -1.13622750588542
H            1.38176747412438        2.81379762995236        0.54287590154956
H            3.24110090922993        0.49252527867923        0.83384447832212
H           -0.29517663020595       -0.48130907141313        2.48580299995336
26
 energy: -41.809085495349 gnorm: 0.015366183302 xtb: 6.7.1 (edcfbbe)
O            2.89799688793814       -0.79396045965405       -1.48192171531818
C            2.06273802833248       -0.73548379907431       -0.57098502854106
C            0.76273633023461       -1.37127639828803       -0.60224089044444
C           -0.11541192125934       -1.28181269969176        0.45030602492289
C           -1.48036723092290       -1.90437911848891        0.40679790616671
C           -2.46078249113754       -1.06435157332713       -0.42424574479649
C           -2.53413277954789        0.39055046463796        0.05979552194292
C           -1.45620091533902        1.22982817997142       -0.59801917428256
O           -1.37831778655361        1.32729076897987       -1.80463566981756
C           -0.51371275908919        1.92320030975335        0.30915278838367
C            0.67626883877358        2.34458925469264       -0.11130607447415
C            2.29980972367838       -0.01424621914234        0.65071844658290
O            1.46496935285079       -0.00608083133347        1.65389842953577
C            0.28952187211173       -0.58138160884261        1.58530424253306
H            0.51253530547937       -1.94382862131274       -1.48472127636675
H           -1.41149078889824       -2.89777030109766       -0.03820542706659
H           -1.86558312564205       -2.00663244473216        1.42222865802294
H           -3.44638283640586       -1.52589952717326       -0.36000305031075
H           -2.15542778122732       -1.06350334722687       -1.47196022689193
H           -2.46475743901076        0.43692300601405        1.14425850398041
H           -3.49192972772400        0.81332455674975       -0.24766392329031
H           -0.82323645411486        2.05578790604025        1.33805053250412
H            0.97556812701023        2.21391650686799       -1.15036483897989
H            1.38128281837918        2.82965003301196        0.54024648275704
H            3.22655055160608        0.50101514914177        0.82893241708370
H           -0.29626679952195       -0.49589218647574        2.49579608616530
26
 energy: -41.809128395506 gnorm: 0.018729471677 xtb: 6.7.1 (edcfbbe)
O            2.88981269823796       -0.78380293493231       -1.49156127184599
C            2.06234669895430       -0.73721410380472       -0.57345567828278
C            0.76371410824782       -1.37461933202991       -0.60226791778749
C           -0.11198002299306       -1.29334901901379        0.45593291499153
C           -1.48140352784791       -1.90683218475218        0.41101745131729
C           -2.46028974843641       -1.06549473973644       -0.42133660195629
C           -2.53510391813463        0.39204345693390        0.05577279919497
C           -1.45272722702874        1.22801602825028       -0.59973956143708
O           -1.36827470171568        1.31784585056468       -1.80641952427474
C           -0.51480914252309        1.92489967695058        0.30883228991949
C            0.67538322818420        2.34731496512871       -0.11257190917394
C            2.30097123940863       -0.02641571697772        0.65273836551309
O            1.46758720723278       -0.00772685947160        1.64977825580079
C            0.29513861229242       -0.57959999022269        1.59058455546420
H            0.51307929127091       -1.94064656965801       -1.48588875498699
H           -1.41686989623860       -2.90015185086465       -0.03348108518393
H           -1.86766967525562       -2.00650059012955        1.42613581383632
H           -3.44643392159480       -1.52559242609732       -0.35300109984418
H           -2.15975793436919       -1.06692243097071       -1.47013575445774
H           -2.47438212543555        0.44292601938106        1.14119522603155
H           -3.49140914707854        0.81298998377817       -0.26184643404300
H           -0.82507831104623        2.05566375552075        1.33113114851837
H            0.98468002917304        2.19727353050493       -1.12697267854241
H            1.36863305853462        2.87171822946872        0.54214504753128
H            3.23485899238575        0.48836718650838        0.83332205078890
H           -0.29403886422439       -0.48461293432861        2.47930535290958
26
 energy: -41.809457103720 gnorm: 0.008842634734 xtb: 6.7.1 (edcfbbe)
O            2.88720631860719       -0.78669631485028       -1.49379118011412
C            2.05755507879866       -0.73371701046356       -0.57797390280710
C            0.75756961868958       -1.36699769633908       -0.60485201748643
C           -0.11418432490263       -1.28778305057357        0.45457163744006
C           -1.48234647078655       -1.90432465712475        0.41444011432764
C           -2.46072802330978       -1.06760487585755       -0.42203883473661
C           -2.53358011168290        0.39104993868656        0.05235940047819
C           -1.44677551631347        1.22107880146847       -0.60244114312996
O           -1.34801015596412        1.29196790311413       -1.81401103976310
C           -0.51785143306153        1.93069382075030        0.30488478653794
C            0.67118874710813        2.35996573938017       -0.11019731775282
C            2.30118939067236       -0.02946906552071        0.65327065404164
O            1.47419353144914       -0.01200459169529        1.66012239038176
C            0.29984871416682       -0.58495796567251        1.59296692280555
H            0.49936019432346       -1.92595962362097       -1.49431898137946
H           -1.41721915983248       -2.90155042406477       -0.02266382950881
H           -1.86845196851569       -1.99692885090620        1.43059194086685
H           -3.44732541822247       -1.52717655808190       -0.35496621734079
H           -2.15588619965360       -1.07308010916378       -1.47013634978728
H           -2.47474211277979        0.44596420993499        1.13729452141119
H           -3.48715088799047        0.81413248318345       -0.26824045254937
H           -0.83606659392233        2.06441887987976        1.33007577335256
H            0.98172065878881        2.21671113966625       -1.13120866219390
H            1.36212658593241        2.86440365442926        0.54626650609115
H            3.23732540417576        0.47717824921017        0.83397737915366
H           -0.28298886577454       -0.49973702576862        2.49523090166242
26
 energy: -41.809598131032 gnorm: 0.005834071508 xtb: 6.7.1 (edcfbbe)
O            2.87880174693140       -0.77921002152134       -1.50164836600225
C            2.05471533666384       -0.73099313265198       -0.58047631224824
C            0.75082890116678       -1.35839542572312       -0.60612917095706
C           -0.11646592249443       -1.28222701419744        0.45566772008189
C           -1.48359030152052       -1.90067515205711        0.42024351860454
C           -2.46262139256109       -1.07126374105475       -0.42180803019291
C           -2.53236269217787        0.38996461729506        0.04441144213669
C           -1.43731643055452        1.21063408562762       -0.60827178304932
O           -1.32915349815701        1.27368863124140       -1.81638816777876
C           -0.51856546281458        1.93066360776983        0.30266470296507
C            0.66690673571594        2.37202590681832       -0.10945424452983
C            2.30830072156535       -0.03785445608979        0.65584754311461
O            1.48172225980789       -0.02813373375323        1.66569112982843
C            0.30235517080443       -0.59649628391433        1.59801062026345
H            0.48479228740263       -1.90789915399916       -1.49994294311571
H           -1.41820170321603       -2.90157982041005       -0.00895696866200
H           -1.86850121530628       -1.98574923431445        1.43754095117981
H           -3.44934618377732       -1.52994259565816       -0.35104822783040
H           -2.15736409631250       -1.08295896780293       -1.46986291147151
H           -2.48039236427969        0.45078777050611        1.12980426670000
H           -3.48213275028328        0.81582364298236       -0.28445392657635
H           -0.84336662340663        2.06697203784999        1.32635584301186
H            0.98194790719586        2.22975694334518       -1.13032503333454
H            1.35052859873379        2.88252774700911        0.54662132442893
H            3.24848810158440        0.46404485838880        0.83745533650740
H           -0.27403013071059       -0.51393411568600        2.50766468692714
26
 energy: -41.809824483898 gnorm: 0.009384918226 xtb: 6.7.1 (edcfbbe)
O            2.85560996922651       -0.75771400139796       -1.52250507336200
C            2.04550563034727       -0.72371977343592       -0.58828375951779
C            0.73738381117760       -1.34328708178210       -0.60946896786957
C           -0.11868063290029       -1.28119170109813        0.46266402792814
C           -1.48748002047217       -1.89660923781891        0.43487992178795
C           -2.46545079626552       -1.07798333075998       -0.41829816815493
C           -2.53064221811047        0.39004310103768        0.02694185957478
C           -1.41545659104997        1.19072848054180       -0.61697935957526
O           -1.27354240381363        1.21911395667847       -1.82625245858993
C           -0.52034122523392        1.93443862327889        0.29999149134043
C            0.65971151570049        2.39773767028993       -0.10398051600804
C            2.32090034522114       -0.05923080975887        0.65986884460153
O            1.49920754222058       -0.05528847308585        1.67399272178855
C            0.31498597040473       -0.61514373789013        1.61083885397657
H            0.45871794977232       -1.87266773605455       -1.50937662789919
H           -1.42434440300793       -2.90399992733500        0.02010232026594
H           -1.87184041956324       -1.96664248784086        1.45360297982945
H           -3.45343517681906       -1.53329716514386       -0.34090395047861
H           -2.16046180942205       -1.10357571315425       -1.46646733515005
H           -2.50113990382846        0.46634364036163        1.11276711900893
H           -3.46975563892528        0.82026230347818       -0.32796447408141
H           -0.86091083619539        2.07175829019998        1.31682074550588
H            0.98287729048211        2.25559030984865       -1.12545030854861
H            1.32417673179055        2.92927674643523        0.55322001717800
H            3.26409231019091        0.43431735193256        0.84211155829689
H           -0.25370999092690       -0.53968229752670        2.52734153815347
26
 energy: -41.809990814753 gnorm: 0.007237611416 xtb: 6.7.1 (edcfbbe)
O            2.82113509328260       -0.72427809140047       -1.55185616426445
C            2.03147398892387       -0.71407577422776       -0.59919589760033
C            0.72117081555696       -1.32854464185297       -0.61187544681335
C           -0.11975654986114       -1.28527568499189        0.47432182907951
C           -1.49270508338237       -1.89326995543934        0.45461053861892
C           -2.46904192539506       -1.08830719305438       -0.41385351769857
C           -2.52687771689791        0.38904614244976        0.00015276487767
C           -1.38226026414657        1.16268518850598       -0.62804129124964
O           -1.20322217816395        1.16008015807341       -1.82935434194658
C           -0.51939583679421        1.93551583049054        0.29852339269101
C            0.65075788327519        2.43041635166014       -0.09787554256466
C            2.33435688487134       -0.08919135106341        0.66623132499872
O            1.52270222841904       -0.08578839048078        1.68787035165112
C            0.33585687049357       -0.63663872878558        1.62869203036125
H            0.42363119198046       -1.82736670375515       -1.52315091426686
H           -1.43307249980771       -2.90836732963771        0.05778965191325
H           -1.87735585884684       -1.94459029180410        1.47464684036262
H           -3.45909490690355       -1.53741749218595       -0.32430437152851
H           -2.16728745615094       -1.13485063850600       -1.46242776093766
H           -2.53090063576482        0.48636332772444        1.08671613449866
H           -3.45043430034913        0.82616137041143       -0.39295164020894
H           -0.88544917844404        2.08347262810747        1.30793138779139
H            0.98766165955830        2.27844191392117       -1.11143138021962
H            1.29034744426387        2.99392190812675        0.55688307006436
H            3.28097208782366        0.39719353817401        0.84514058003920
H           -0.22723475754071       -0.56575909045972        2.54602137235287
26
 energy: -41.810056147904 gnorm: 0.006133881682 xtb: 6.7.1 (edcfbbe)
O            2.81643949727894       -0.72133503043083       -1.55334541524100
C            2.02817405343089       -0.71273222684547       -0.60074170683031
C            0.71707775612703       -1.32566776839317       -0.61152223356621
C           -0.12064971704162       -1.28336805773858        0.47620216345250
C           -1.49334689146629       -1.89179932709199        0.45789049956254
C           -2.46883698543446       -1.08925150308157       -0.41324370772270
C           -2.52524417173254        0.38841130112011       -0.00405524598852
C           -1.37717676185893        1.16034194070722       -0.62675885984541
O           -1.18878348319103        1.14652866116134       -1.82860048827693
C           -0.52051269293587        1.93779645021773        0.29913437112707
C            0.64852997498007        2.43527536330205       -0.09586434506360
C            2.33358406660327       -0.09094077682972        0.66437693966256
O            1.52392416314366       -0.09116834445761        1.68658877912462
C            0.33619342217050       -0.63892779381233        1.62973999982881
H            0.41608056572737       -1.82139351835713       -1.52184819791129
H           -1.43262605068041       -2.90765563838082        0.06382288007979
H           -1.87849124304097       -1.94103281601480        1.47759671847548
H           -3.45915632764899       -1.53693322610951       -0.32251626622091
H           -2.16657201678252       -1.14081280698622       -1.46107319756403
H           -2.53486164940879        0.48923393240599        1.08093216492906
H           -3.44482022104089        0.82534598472189       -0.40376587343293
H           -0.88573383258912        2.07853010116180        1.30485431762980
H            0.98782696780709        2.27954461049802       -1.10665584102071
H            1.28465021774330        3.00879071480410        0.55809363975090
H            3.28378185269220        0.39181713917928        0.84120682225253
H           -0.22347349285200       -0.56902036474990        2.54876508281030
26
 energy: -41.810087626798 gnorm: 0.003527174754 xtb: 6.7.1 (edcfbbe)
O            2.81454400958893       -0.72072610683561       -1.55253127997882
C            2.02559186309624       -0.71227967097430       -0.60122864372235
C            0.71505106570763       -1.32632114224024       -0.61084287674138
C           -0.12119745016669       -1.28389705485282        0.47806682102689
C           -1.49391184247422       -1.89235688194205        0.45928193356542
C           -2.46766029887661       -1.08938075755369       -0.41367180472724
C           -2.52345866453461        0.38783404328110       -0.00623678049188
C           -1.37461848744713        1.16023146004485       -0.62596048935721
O           -1.18359429686935        1.14580528530034       -1.82562665815054
C           -0.52088020630107        1.93778170044857        0.29991163133508
C            0.64795144622785        2.43498349883457       -0.09364882370880
C            2.33117379984489       -0.08781628428833        0.66030987076907
O            1.52383114347366       -0.08862335072757        1.68357306070849
C            0.33514386373557       -0.63507699500939        1.62961535891247
H            0.41369079581972       -1.82352337986272       -1.51849542237541
H           -1.43196865529631       -2.90794476068116        0.06543685309023
H           -1.88032500275791       -1.94169125550625        1.47834920699335
H           -3.45858207278870       -1.53546934870013       -0.32352281191155
H           -2.16428354410535       -1.14346055388531       -1.46067118336691
H           -2.53369929071672        0.48925056745611        1.07751383986159
H           -3.44132972545566        0.82423654032646       -0.40695124859023
H           -0.88778875082559        2.07713638454575        1.30545762405569
H            0.98917609013835        2.27706515160797       -1.10306548867203
H            1.28494802521317        3.00513415164063        0.55994102931193
H            3.28218737082013        0.39431185084446        0.83519924260857
H           -0.22401418505031       -0.56562609127138        2.54901003955697
26
 energy: -41.810130660303 gnorm: 0.001415009517 xtb: 6.7.1 (edcfbbe)
O            2.81380609509295       -0.72366004169722       -1.55472920305956
C            2.02493494689873       -0.71408384462241       -0.60276204221637
C            0.71480011705904       -1.32969053359098       -0.61077265377974
C           -0.12116376362912       -1.28470997361447        0.47843638534672
C           -1.49421654156345       -1.89249972905852        0.46033208283937
C           -2.46718236994843       -1.08917380273835       -0.41311587920122
C           -2.52305306880709        0.38871107404313       -0.00709447404732
C           -1.37182005848726        1.15900573299867       -0.62634594131875
O           -1.17124226528389        1.13607848040323       -1.82403130166394
C           -0.52361083129416        1.94076055683475        0.30020328219058
C            0.64680040336596        2.43574299843015       -0.08987997821111
C            2.32875265558386       -0.08427900276236        0.65658029041743
O            1.52247282311495       -0.08415476007516        1.68080437398006
C            0.33523396633332       -0.63406964190984        1.62857040029626
H            0.41312661834305       -1.83027493505965       -1.51803397649325
H           -1.43313699014160       -2.90842020996840        0.06691853061625
H           -1.88077573633771       -1.94077882639410        1.47941330028034
H           -3.45843138379103       -1.53476898026957       -0.32332687252554
H           -2.16330102607445       -1.14391225770789       -1.45994550726397
H           -2.53485561612352        0.49160735341528        1.07699950323680
H           -3.44047529312745        0.82485813182474       -0.40996444183538
H           -0.89371284643530        2.08300069106456        1.30496934645910
H            0.99391862958580        2.27193421575993       -1.09753640608405
H            1.28451574669429        3.00312122059371        0.56610884373368
H            3.27818065549926        0.40180919075968        0.82929701486683
H           -0.22358786652685       -0.56257610665905        2.54811832343822
26
 energy: -41.810193918283 gnorm: 0.004441630792 xtb: 6.7.1 (edcfbbe)
O            2.80956181792233       -0.73404115517745       -1.56207411913525
C            2.02011656089596       -0.71827218221706       -0.60950343879110
C            0.71337731418956       -1.34255547063588       -0.61051744134925
C           -0.12218345363927       -1.28846103794249        0.47913454380177
C           -1.49654254398301       -1.89388243013225        0.46375107811801
C           -2.46727406629547       -1.08962625506841       -0.41147115679691
C           -2.51974564237112        0.39027801905264       -0.01033710504668
C           -1.35729628427117        1.14957758872724       -0.62559397853703
O           -1.12304105528299        1.09509731072966       -1.81646796192181
C           -0.52946920190932        1.94800390773397        0.30360535952256
C            0.64976258360924        2.43141942958460       -0.07220435487998
C            2.31813678263819       -0.06980991367533        0.64163919658109
O            1.51568442745952       -0.06694809852653        1.66932513578184
C            0.33337421098614       -0.62901687940498        1.62344635400970
H            0.41154133519986       -1.85444517981627       -1.51476184671661
H           -1.43873285868911       -2.91077274854247        0.07187559337104
H           -1.88286796427655       -1.93880532312378        1.48311924165214
H           -3.45990257171617       -1.53258829879382       -0.32215523355853
H           -2.16171027357096       -1.14649904374353       -1.45772338049042
H           -2.53626279047203        0.49843904190009        1.07412106206503
H           -3.43378546710155        0.82935904662475       -0.41942534457763
H           -0.91580843986948        2.10841130309843        1.30164137805469
H            1.01168065968471        2.25793355950955       -1.07575845117571
H            1.27909033527133        3.00792743661462        0.58529003550016
H            3.26165023762433        0.43110281687875        0.80613762338593
H           -0.22337665203305       -0.55224844365417        2.54412021113452
26
 energy: -41.810223265831 gnorm: 0.003278155828 xtb: 6.7.1 (edcfbbe)
O            2.80760506141450       -0.73826310614081       -1.56361107217339
C            2.01783554211807       -0.71981970555425       -0.61172250449712
C            0.71240575889139       -1.34639791802522       -0.61039361598258
C           -0.12348811203954       -1.28950559158836        0.47883387764297
C           -1.49781587379367       -1.89512859759879        0.46488852051679
C           -2.46791188603585       -1.09113657313665       -0.41145693849663
C           -2.51675533813543        0.38895596539745       -0.01165469902811
C           -1.35046512132352        1.14417625457984       -0.62407107688063
O           -1.11159326811939        1.08504773698469       -1.81333475189391
C           -0.53018140500936        1.95140307344250        0.30457905676598
C            0.64968323884294        2.43646180859515       -0.06801927936773
C            2.31444349552083       -0.06545676379337        0.63653429354062
O            1.51272483762671       -0.06155795581213        1.66484822569799
C            0.33111250221882       -0.62544618211392        1.62088828704764
H            0.41124443995725       -1.86079040820376       -1.51253508046190
H           -1.44059749658498       -2.91244499803455        0.07429074339550
H           -1.88382144731017       -1.93851274760184        1.48444394890485
H           -3.46111423018363       -1.53250222119834       -0.32145533238897
H           -2.16211854461488       -1.14938006354336       -1.45755620374589
H           -2.53463151888430        0.49809799843205        1.07237459565615
H           -3.42852689116135        0.83121610770005       -0.42193653749224
H           -0.92079859482933        2.11430146218072        1.29999877608654
H            1.02006246576441        2.25236880007874       -1.06627982733130
H            1.27674731834916        3.01344026982601        0.59084503172286
H            3.25675551490521        0.43834112651504        0.79877188802318
H           -0.22482344758391       -0.54789077138697        2.54194267474091
26
 energy: -41.810258586159 gnorm: 0.001352475021 xtb: 6.7.1 (edcfbbe)
O            2.80434266547856       -0.74584069685434       -1.56578175147038
C            2.01406573614685       -0.72312140257964       -0.61515813107177
C            0.71043137766801       -1.35238906860131       -0.61029520132472
C           -0.12603750152561       -1.29153478926164        0.47809950000792
C           -1.49990089927204       -1.89813213876816        0.46660897285071
C           -2.46878263930853       -1.09398038399849       -0.41128241050441
C           -2.51070715024152        0.38619579046855       -0.01347963068189
C           -1.34048603231835        1.13767248137612       -0.62141901356595
O           -1.09426101467633        1.07050839777763       -1.80815984766165
C           -0.52865836033349        1.95435655481815        0.30695327255558
C            0.65285020646422        2.44111031480207       -0.06004332531778
C            2.30871657126154       -0.05957394734294        0.62861071533378
O            1.50752579757201       -0.05357677323389        1.65732845119894
C            0.32658826357828       -0.61911467517094        1.61644428973691
H            0.41097279708951       -1.87091571445916       -1.50852090491151
H           -1.44328465051130       -2.91615312558355        0.07829326700360
H           -1.88542470375742       -1.93892867520848        1.48643033297573
H           -3.46308465143092       -1.53212476383616       -0.31957719405167
H           -2.16334516071820       -1.15537233062172       -1.45728278847767
H           -2.53158184679249        0.49604573575769        1.06988323739421
H           -3.41819641296052        0.83415133008442       -0.42602620995672
H           -0.92879498500497        2.12505740935911        1.29612035405059
H            1.03204887465989        2.24863734269977       -1.05179438789667
H            1.26995772366672        3.02907734566650        0.59800466749225
H            3.24960898772705        0.44743403137675        0.78759713120112
H           -0.22858599246096       -0.53991124866641        2.53765960509314
26
 energy: -41.810274708423 gnorm: 0.001211776967 xtb: 6.7.1 (edcfbbe)
O            2.80129959182390       -0.75627383297273       -1.56891371281415
C            2.00999509089520       -0.72739030502020       -0.61955030875326
C            0.70860577711569       -1.36077768650524       -0.61001228182831
C           -0.12821493240197       -1.29496797756812        0.47763268795911
C           -1.50182076723772       -1.90185525060838        0.46851772220764
C           -2.46927690616344       -1.09640002198900       -0.41022870441964
C           -2.50395177344268        0.38397310189708       -0.01471098639840
C           -1.32811717901372        1.12945295766045       -0.61908730592648
O           -1.07196656945224        1.05221672263950       -1.80363161906529
C           -0.52796290080656        1.95874790015554        0.30912038322000
C            0.65546547056714        2.44726382532550       -0.05036158539280
C            2.30279070229712       -0.05377035364247        0.61954216000833
O            1.50179101797496       -0.04442387069519        1.64833236339892
C            0.32203974538110       -0.61246172466608        1.61139762350058
H            0.41143899509941       -1.88685556316622       -1.50378017540132
H           -1.44621338717126       -2.92050709006108        0.08210046816465
H           -1.88697205482605       -1.94029727606029        1.48853288728924
H           -3.46532983984348       -1.52991094856680       -0.31638088640946
H           -2.16494057795584       -1.16198415384509       -1.45630364406411
H           -2.52928704479519        0.49456264371716        1.06844222165340
H           -3.40647903230190        0.83805110414186       -0.43143438139368
H           -0.94095956609557        2.13975066861587        1.29082353310399
H            1.04532659297749        2.24802972508741       -1.03569720663372
H            1.25992948533632        3.04767997744238        0.60816086561894
H            3.24238695641040        0.45652171783029        0.77488352012428
H           -0.23359989437110       -0.52879728914618        2.53181936225325
26
 energy: -41.810265053937 gnorm: 0.002989630235 xtb: 6.7.1 (edcfbbe)
O            2.79824296534857       -0.76688889508809       -1.57208390256409
C            2.00591066948746       -0.73178576744394       -0.62397920234646
C            0.70678023621703       -1.36932152304621       -0.60971292868477
C           -0.13040606720447       -1.29845348341276        0.47716507052242
C           -1.50375492096964       -1.90562559625028        0.47045217940043
C           -2.46976765808397       -1.09884528516783       -0.40915317393819
C           -2.49711549989499        0.38173779812827       -0.01596494789930
C           -1.31563011454343        1.12119730979210       -0.61673906259608
O           -1.04939314222737        1.03373990544548       -1.79904155060489
C           -0.52730229899571        1.96324901396276        0.31129315829959
C            0.65806099799327        2.45355786939376       -0.04056732552571
C            2.29680681476540       -0.04792545918497        0.61036175196613
O            1.49599341662472       -0.03515726373523        1.63921853889332
C            0.31744969003405       -0.60573687474707        1.60628535161568
H            0.41192685165278       -1.90306549245151       -1.49897659780714
H           -1.44917813709686       -2.92491033436747        0.08593587038319
H           -1.88852869595099       -1.94170158143753        1.49066395032934
H           -3.46759126878877       -1.52767278996796       -0.31312788041542
H           -2.16655635523435       -1.16867053330921       -1.45530576593895
H           -2.52695534048887        0.49309377583851        1.06697814516682
H           -3.39463982486090        0.84198313048918       -0.43691166019191
H           -0.95331100867348        2.15464966344453        1.28544971163019
H            1.05878089438270        2.24742781793579       -1.01939286005671
H            1.24975048400800        3.06650378148855        0.61847202024791
H            3.23508219813880        0.46571467768554        0.76200310342183
H           -0.23867788563896       -0.51751686399444        2.52589100669460
26
 energy: -41.810278456499 gnorm: 0.001475670120 xtb: 6.7.1 (edcfbbe)
O            2.80008557132323       -0.76486467728266       -1.57090269155615
C            2.00848498197889       -0.73235973850313       -0.62188141131949
C            0.70812685827390       -1.36770396189062       -0.60935036105078
C           -0.12913941371280       -1.29749601454244        0.47759467851190
C           -1.50274178451508       -1.90417211034625        0.46990509284780
C           -2.46923321916842       -1.09780735232735       -0.40933184060388
C           -2.49977189473955        0.38297199982650       -0.01580389379287
C           -1.32133625956812        1.12618655745208       -0.61801760103796
O           -1.05815360465963        1.04233194639877       -1.80087197684568
C           -0.52865007362671        1.96290467670181        0.30997260544136
C            0.65579956075788        2.45283010883768       -0.04421685240349
C            2.29986038907118       -0.05151316089143        0.61387497781643
O            1.49864836096181       -0.03885261002376        1.64239598548018
C            0.31970390051824       -0.60845259056604        1.60813556339940
H            0.41226224563559       -1.89937234823552       -1.50040171284573
H           -1.44804512670756       -2.92311558460357        0.08425584593724
H           -1.88773734062790       -1.94147389918333        1.49001992585307
H           -3.46638988171835       -1.52847817199226       -0.31387973575447
H           -2.16590438896112       -1.16610841312129       -1.45551359873690
H           -2.52791915034345        0.49454457132702        1.06726975062325
H           -3.39965517289880        0.83988460595517       -0.43535088754251
H           -0.94981590272640        2.14952727857495        1.28707924311738
H            1.05367531373274        2.24938214061899       -1.02538615649319
H            1.25208970753550        3.06014499816371        0.61540082557681
H            3.23859622613439        0.46113292396330        0.76665508284985
H           -0.23686290194944       -0.52049417431038        2.52756214253020
26
 energy: -41.810285753361 gnorm: 0.000709720727 xtb: 6.7.1 (edcfbbe)
O            2.80333356081867       -0.76634127926656       -1.56949658698595
C            2.01255627185225       -0.73575688405226       -0.61936083571364
C            0.71080288905650       -1.36875775746232       -0.60814293157586
C           -0.12703006496647       -1.29717638764442        0.47841870947549
C           -1.50133131470781       -1.90235621039084        0.46954481906613
C           -2.46813011540588       -1.09620517993690       -0.40926226555180
C           -2.50315393356413        0.38502575023306       -0.01597500249441
C           -1.32787668425191        1.13214023103193       -0.62006331768758
O           -1.06748774789189        1.05217220534803       -1.80324324109972
C           -0.53221455189947        1.96465117856010        0.30782308069976
C            0.65120376013275        2.45469278009343       -0.04783213955111
C            2.30470849446128       -0.05799473234102        0.61760819600013
O            1.50246788870704       -0.04316912454414        1.64529108885716
C            0.32291895187323       -0.61128196448058        1.60981574936917
H            0.41349988764026       -1.89862483475035       -1.50102556671530
H           -1.44703905235077       -2.92086572347364        0.08229737917270
H           -1.88663003538776       -1.94114544792477        1.48953691678586
H           -3.46457099198846       -1.52890018357096       -0.31436870928876
H           -2.16461827454460       -1.16297925837754       -1.45544449419570
H           -2.52951240128210        0.49764232894787        1.06722748884358
H           -3.40608237491535        0.83722690758884       -0.43440711114652
H           -0.94841041129098        2.14545582301563        1.28837719458934
H            1.04691615626643        2.25549257722040       -1.03157531698948
H            1.25232988473751        3.05486325324650        0.61365222550796
H            3.24403201284308        0.45349474611558        0.77128444759608
H           -0.23470480394142       -0.52172581318512        2.52853322303423
26
 energy: -41.810289806726 gnorm: 0.000417567423 xtb: 6.7.1 (edcfbbe)
O            2.80437128074077       -0.77183824835257       -1.56940176325229
C            2.01339428412150       -0.73941652886219       -0.61954845968300
C            0.71146432624396       -1.37194843972700       -0.60759621095680
C           -0.12688761002076       -1.29797121288449        0.47840476695000
C           -1.50141010868537       -1.90258263380707        0.46993635877105
C           -2.46787745570647       -1.09628997039678       -0.40915966281569
C           -2.50249230504194        0.38500389569048       -0.01639752031528
C           -1.32719014412336        1.13233827267752       -0.62009405724690
O           -1.06503074374888        1.05069340286123       -1.80285582615400
C           -0.53364368872113        1.96689189369751        0.30792737227418
C            0.64965136569941        2.45831792554569       -0.04632800509313
C            2.30548376243441       -0.05977778623769        0.61636332694778
O            1.50260700201663       -0.04236406499567        1.64349752834059
C            0.32277303280860       -0.60990934249318        1.60865399523582
H            0.41447217944056       -1.90341299219965       -1.49940018437123
H           -1.44760683799039       -2.92120665468268        0.08298323318838
H           -1.88662940674497       -1.94090031616481        1.48996938736932
H           -3.46445934208089       -1.52859825567955       -0.31412478350075
H           -2.16428025454960       -1.16363261374888       -1.45528193433925
H           -2.52960484420624        0.49799437844927        1.06669665702896
H           -3.40502075974873        0.83729983878241       -0.43548914343864
H           -0.95162506738827        2.14855203766751        1.28749993074874
H            1.04741068189779        2.25862266822777       -1.02896269673506
H            1.24852261241566        3.06032176177357        0.61563473733953
H            3.24488743602320        0.45167591556861        0.76940731895147
H           -0.23530239508546       -0.51828593070941        2.52687863475800
