  26
 Etot=         -41.8721946783
 O          3.1602347774        0.1313469847        1.2830345715
 C          2.1997780846        0.1546245050        0.5208401681
 C          1.3060926168        1.3484943728        0.4744370945
 C          0.2276096945        1.2697005753       -0.3296269491
 C         -0.8794267003        2.2809764180       -0.2924152301
 C         -2.2435553705        1.6117216599       -0.0840548945
 C         -2.2039395339        0.4619303378        0.9210750231
 C         -1.8798006120       -0.8887842936        0.3017899514
 O         -2.5977797863       -1.8599191083        0.5674990206
 C         -0.6341702005       -1.1097398055       -0.5402683174
 C          0.5357756438       -1.7192900671        0.2422661396
 C          1.7680465113       -1.0283492407       -0.3469522059
 O          1.3044588336       -0.4416277754       -1.5797696290
 C          0.0023448635        0.0787685499       -1.2394053445
 H          1.5151747396        2.1591369475        1.1594725994
 H         -0.7106857447        2.9990799864        0.5200308407
 H         -0.8916280910        2.8580000994       -1.2242906863
 H         -2.6337301860        1.2563631527       -1.0462453735
 H         -2.9446197257        2.3782054906        0.2686935426
 H         -3.2065313219        0.3678086971        1.3582821611
 H         -1.5174176955        0.6526833452        1.7526155239
 H         -0.9206762386       -1.8281992879       -1.3224762191
 H          0.4520087005       -1.5850927511        1.3264205033
 H          0.5802720954       -2.7977087721        0.0504578942
 H          2.6146130196       -1.6917460840       -0.5398356046
 H         -0.5071330335        0.3655605556       -2.1645162139
  26
 Etot=         -41.8787959935
 O          3.1596235719        0.1080561386        1.2827212297
 C          2.1947527022        0.1522137026        0.5399072617
 C          1.2826712127        1.3087040945        0.4882953278
 C          0.2056857410        1.2600836143       -0.3079226115
 C         -0.8796870051        2.2872563591       -0.2877563447
 C         -2.2447752531        1.6113185411       -0.0966615591
 C         -2.2134999455        0.4602031774        0.9127060940
 C         -1.8696328727       -0.8975659076        0.3368693101
 O         -2.5916735030       -1.8503571488        0.5620590620
 C         -0.6459457200       -1.1032081431       -0.5362414648
 C          0.5344113201       -1.7172698370        0.2447614767
 C          1.7584080294       -0.9997910827       -0.3588692960
 O          1.3002621215       -0.4456976538       -1.5945329075
 C          0.0206556544        0.0871082209       -1.2366006200
 H          1.5187189660        2.1394056285        1.1346470262
 H         -0.6950025833        2.9951419375        0.5244374301
 H         -0.8813735551        2.8520320619       -1.2249402210
 H         -2.6305094357        1.2387736771       -1.0493341979
 H         -2.9471407208        2.3692743001        0.2581597576
 H         -3.2041536972        0.3490325544        1.3655410382
 H         -1.5078099564        0.6700590112        1.7213582517
 H         -0.9379826241       -1.8186202337       -1.3155071106
 H          0.4599833705       -1.5585396513        1.3227750281
 H          0.5897226283       -2.7937163656        0.0707820187
 H          2.6002261764       -1.6628904572       -0.5603032354
 H         -0.4806192821        0.3829379540       -2.1592923781
  26
 Etot=         -41.8801029799
 O          3.1522024010        0.0795168151        1.2864761999
 C          2.1905383053        0.1481386553        0.5482041757
 C          1.2710648242        1.2827597777        0.4992996346
 C          0.2000924777        1.2588751282       -0.3045745789
 C         -0.8802436919        2.2843308180       -0.2874863999
 C         -2.2478728023        1.6080450420       -0.1093231524
 C         -2.2093191086        0.4617902830        0.9090377072
 C         -1.8829756254       -0.8957419615        0.3302414467
 O         -2.5737963547       -1.8511452330        0.5863553382
 C         -0.6559646520       -1.0989920751       -0.5376810900
 C          0.5331430058       -1.7064591938        0.2473865988
 C          1.7579498918       -0.9864310215       -0.3733631804
 O          1.2927440262       -0.4388545510       -1.5947580613
 C          0.0268689795        0.0958855760       -1.2401566735
 H          1.4907454332        2.1069940374        1.1576378832
 H         -0.6944131958        2.9838288467        0.5279669405
 H         -0.8752172213        2.8451367058       -1.2250311560
 H         -2.6223656675        1.2273767363       -1.0605282061
 H         -2.9546826326        2.3587478657        0.2447149094
 H         -3.1861073854        0.3503715126        1.3873356253
 H         -1.4774779394        0.6860397881        1.6922262103
 H         -0.9455491758       -1.8178715202       -1.3112930992
 H          0.4650652629       -1.5190811790        1.3201425218
 H          0.5946804528       -2.7822723192        0.0935448275
 H          2.5952886111       -1.6524722034       -0.5858167034
 H         -0.4690828784        0.3954281622       -2.1634993521
  26
 Etot=         -41.8804269124
 O          3.1462097392        0.0596324110        1.2894509139
 C          2.1880700013        0.1431240080        0.5475968197
 C          1.2643939819        1.2711824704        0.5107639337
 C          0.1990907234        1.2583710507       -0.3035077291
 C         -0.8802478949        2.2828406571       -0.2870329247
 C         -2.2475853486        1.6035784014       -0.1174912647
 C         -2.2033660190        0.4650058282        0.9118231954
 C         -1.8746545031       -0.8975961490        0.3450996707
 O         -2.5690280332       -1.8537087699        0.5974490883
 C         -0.6562803297       -1.0965062161       -0.5387237747
 C          0.5343584096       -1.6998008332        0.2468709964
 C          1.7591526822       -0.9840161163       -0.3880323189
 O          1.2874253232       -0.4324809324       -1.5993392397
 C          0.0270043456        0.1012383007       -1.2458300063
 H          1.4665858988        2.0899100354        1.1846904570
 H         -0.7020902532        2.9807936625        0.5309532475
 H         -0.8703303700        2.8437235342       -1.2241801246
 H         -2.6073873283        1.2147945869       -1.0709517930
 H         -2.9622276934        2.3528048206        0.2230294140
 H         -3.1752888456        0.3602806915        1.3994422257
 H         -1.4654104262        0.6979075725        1.6856633592
 H         -0.9467752006       -1.8150163041       -1.3116123151
 H          0.4695413789       -1.4935884037        1.3165659330
 H          0.5939127352       -2.7765195044        0.1075665933
 H          2.5931455977       -1.6531191839       -0.6056800035
 H         -0.4729032307        0.4011088741       -2.1675259872
  26
 Etot=         -41.8805187956
 O          3.1402521690        0.0464035951        1.2942636827
 C          2.1850735960        0.1380548449        0.5480809021
 C          1.2598553311        1.2653685769        0.5192258847
 C          0.1992151335        1.2580185988       -0.3027967103
 C         -0.8798350712        2.2830173607       -0.2858989347
 C         -2.2451900516        1.5979335722       -0.1227117126
 C         -2.1975397435        0.4672657996        0.9153790955
 C         -1.8727220515       -0.8951139778        0.3465319087
 O         -2.5639686262       -1.8540009693        0.6071216195
 C         -0.6561187572       -1.0945797099       -0.5403862242
 C          0.5338795075       -1.6940118199        0.2456897458
 C          1.7588335556       -0.9832030794       -0.3981784153
 O          1.2838544051       -0.4299233812       -1.6059346899
 C          0.0261733596        0.1043017058       -1.2503185101
 H          1.4516602197        2.0819690293        1.2014367960
 H         -0.7087583917        2.9804107484        0.5347993407
 H         -0.8665446631        2.8465538466       -1.2217137959
 H         -2.5937765452        1.2000456236       -1.0770924442
 H         -2.9682353034        2.3451532620        0.2051848885
 H         -3.1656536566        0.3682416619        1.4113803943
 H         -1.4539192694        0.7027765750        1.6818648512
 H         -0.9457589206       -1.8128354301       -1.3137345732
 H          0.4715758986       -1.4751759118        1.3128973365
 H          0.5913492815       -2.7721928113        0.1187795284
 H          2.5904477767       -1.6541847573       -0.6170837359
 H         -0.4788338421        0.4036515395       -2.1697278623
  26
 Etot=         -41.8805347185
 O          3.1375590261        0.0429150721        1.2960446963
 C          2.1840681578        0.1362488456        0.5480252058
 C          1.2597048054        1.2649825938        0.5201344254
 C          0.2002452259        1.2588324498       -0.3031002937
 C         -0.8797178052        2.2834856100       -0.2849848497
 C         -2.2436296757        1.5952500247       -0.1244773830
 C         -2.1951693683        0.4678606353        0.9167243005
 C         -1.8718714768       -0.8944256738        0.3476088311
 O         -2.5633793521       -1.8530801392        0.6086409111
 C         -0.6564967594       -1.0939206087       -0.5403929022
 C          0.5328524297       -1.6922249729        0.2450990953
 C          1.7579608140       -0.9830525505       -0.4001399934
 O          1.2825419163       -0.4289793390       -1.6078102342
 C          0.0248959454        0.1054197413       -1.2505487647
 H          1.4500349689        2.0805497299        1.2036050870
 H         -0.7109135655        2.9795028476        0.5376396772
 H         -0.8661674742        2.8498071285       -1.2192299528
 H         -2.5864278027        1.1924061855       -1.0788814241
 H         -2.9713895203        2.3410256404        0.1965243447
 H         -3.1621063448        0.3701570106        1.4148716143
 H         -1.4500025341        0.7034364841        1.6810696001
 H         -0.9458511619       -1.8116939539       -1.3145158780
 H          0.4717239122       -1.4707607592        1.3114549865
 H          0.5896660328       -2.7708070595        0.1219989721
 H          2.5889397551       -1.6541911620       -0.6194552029
 H         -0.4817548080        0.4052007120       -2.1688465028
