----------------------------------------------- 
  Element       SASA      Sigma Z        Total  
     Z         Ang**2 cal/Ang**2/mol   kcal/mol 
----------------------------------------------- 
      H        132.590       0.000       0.000
      C         60.134      96.977       5.832
      O         55.868     -37.595      -2.100

 Subtotal:     248.592                   3.731
 -----------------------------------------------

  Elements    COT*SASA   Sigma Z,Z'     Total   
    Z,Z'       Ang**2  cal/Ang**2/mol kcal/mol  
 ---------------------------------------------- 
  H   C         89.580     -49.420      -4.427
  H   O          0.000     -26.347      -0.000
  C   C         63.482     -84.314      -5.352
  O   C         37.116     -17.494      -0.649
  O   O          0.000     -62.798      -0.000

 Subtotal:                             -10.429
 ---------------------------------------------- 

 NONAQUEOUS SOLVENT CONTRIBUTION (kcal/mol):
 (proportional to SASA, atomic number independent)
 ---------------------------------------------- 
 Subtotal:                               2.938
 ---------------------------------------------- 

 CDS TOTAL (kcal/mol):                  -3.759
...............................................................................
