----------------------------------------------- 
  Element       SASA      Sigma Z        Total  
     Z         Ang**2 cal/Ang**2/mol   kcal/mol 
----------------------------------------------- 
      H        136.526       0.000       0.000
      C         43.446      96.977       4.213
      O         62.070     -37.595      -2.334

 Subtotal:     242.041                   1.880
 -----------------------------------------------

  Elements    COT*SASA   Sigma Z,Z'     Total   
    Z,Z'       Ang**2  cal/Ang**2/mol kcal/mol  
 ---------------------------------------------- 
  H   C         91.544     -49.420      -4.524
  H   O          0.000     -26.347      -0.000
  C   C         56.985     -84.314      -4.805
  O   C         29.745     -17.494      -0.520
  O   O          0.000     -62.798      -0.000

 Subtotal:                              -9.849
 ---------------------------------------------- 

 NONAQUEOUS SOLVENT CONTRIBUTION (kcal/mol):
 (proportional to SASA, atomic number independent)
 ---------------------------------------------- 
 Subtotal:                               2.861
 ---------------------------------------------- 

 CDS TOTAL (kcal/mol):                  -5.109
...............................................................................
