  26
 Etot=         -41.8721945607
 O          3.1602525815        0.1313556913        1.2830166109
 C          2.1997838418        0.1546208240        0.5208354195
 C          1.3061031615        1.3484936230        0.4744183686
 C          0.2276186470        1.2696951722       -0.3296428108
 C         -0.8794148682        2.2809750932       -0.2924362238
 C         -2.2435443038        1.6117306828       -0.0840497069
 C         -2.2039189239        0.4619468724        0.9210887596
 C         -1.8798118821       -0.8887699693        0.3017940248
 O         -2.5978226466       -1.8598867648        0.5674815626
 C         -0.6341777222       -1.1097455234       -0.5402535026
 C          0.5357612465       -1.7192895124        0.2422950681
 C          1.7680389871       -1.0283670581       -0.3469321690
 O          1.3044568578       -0.4416604393       -1.5797600371
 C          0.0023458061        0.0787514079       -1.2394044309
 H          1.5151895967        2.1591431498        1.1594438255
 H         -0.7106613727        2.9990894516        0.5199976370
 H         -0.8916248000        2.8579863919       -1.2243191009
 H         -2.6337341367        1.2563652672       -1.0462312257
 H         -2.9446005328        2.3782215750        0.2686999348
 H         -3.2064992843        0.3678383132        1.3583236478
 H         -1.5173717759        0.6526954626        1.7526081124
 H         -0.9206832260       -1.8282152029       -1.3224533040
 H          0.4519942007       -1.5850813547        1.3264456798
 H          0.5802508821       -2.7977111705        0.0505026423
 H          2.6145995406       -1.6917744566       -0.5398045678
 H         -0.5071289595        0.3655366732       -2.1645203987
  26
 Etot=         -41.8787959527
 O          3.1596394169        0.1080637203        1.2827038936
 C          2.1947583570        0.1522097763        0.5399023309
 C          1.2826803822        1.3087022889        0.4882789848
 C          0.2056930943        1.2600768094       -0.3079361901
 C         -0.8796748626        2.2872553269       -0.2877770384
 C         -2.2447642797        1.6113272375       -0.0966565957
 C         -2.2134787813        0.4602200280        0.9127207118
 C         -1.8696450938       -0.8975522813        0.3368728137
 O         -2.5917150207       -1.8503260093        0.5620413733
 C         -0.6459533785       -1.1032138154       -0.5362267771
 C          0.5343976177       -1.7172691649        0.2447896052
 C          1.7584008489       -0.9998088149       -0.3588506350
 O          1.3002597569       -0.4457299657       -1.5945233170
 C          0.0206564119        0.0870903565       -1.2365994408
 H          1.5187344006        2.1394120201        1.1346180858
 H         -0.6949782855        2.9951524281        0.5244040088
 H         -0.8813689433        2.8520168708       -1.2249694077
 H         -2.6305139007        1.2387755173       -1.0493203462
 H         -2.9471208468        2.3692900845        0.2581671868
 H         -3.2041222197        0.3490639130        1.3655811302
 H         -1.5077640194        0.6700720456        1.7213517208
 H         -0.9379891072       -1.8186350922       -1.3154846798
 H          0.4599688713       -1.5585238676        1.3228003300
 H          0.5897026761       -2.7937188045        0.0708259924
 H          2.6002132729       -1.6629185821       -0.5602741134
 H         -0.4806154529        0.3829121742       -2.1592958119
  26
 Etot=         -41.8801029751
 O          3.1522159041        0.0795223319        1.2864614705
 C          2.1905437253        0.1481340196        0.5481993720
 C          1.2710744236        1.2827579091        0.4992833206
 C          0.2001000727        1.2588681945       -0.3045881901
 C         -0.8802309678        2.2843297090       -0.2875071752
 C         -2.2478617229        1.6080537717       -0.1093176386
 C         -2.2092979965        0.4618070140        0.9090529204
 C         -1.8829868919       -0.8957281829        0.3302456901
 O         -2.5738377314       -1.8511156151        0.5863370863
 C         -0.6559720489       -1.0989977011       -0.5376664290
 C          0.5331302244       -1.7064579254        0.2474142769
 C          1.7579429128       -0.9864486729       -0.3733463217
 O          1.2927409049       -0.4388859808       -1.5947492302
 C          0.0268693862        0.0958676589       -1.2401556103
 H          1.4907606686        2.1069999086        1.1576099855
 H         -0.6943885270        2.9838400420        0.5279329012
 H         -0.8752115716        2.8451201074       -1.2250611972
 H         -2.6223701899        1.2273785105       -1.0605138768
 H         -2.9546624667        2.3587636009        0.2447234497
 H         -3.1860764789        0.3504029324        1.3873734651
 H         -1.4774342692        0.6860528355        1.6922208661
 H         -0.9455554620       -1.8178862698       -1.3112702749
 H          0.4650517989       -1.5190611892        1.3201673780
 H          0.5946613125       -2.7822741760        0.0935901571
 H          2.5952759120       -1.6525002375       -0.5857902431
 H         -0.4690800066        0.3954016038       -2.1635023369
  26
 Etot=         -41.8804269152
 O          3.1462216515        0.0596358827        1.2894386874
 C          2.1880755364        0.1431188232        0.5475919717
 C          1.2644038786        1.2711803938        0.5107476945
 C          0.1990985096        1.2583640432       -0.3035212662
 C         -0.8802347527        2.2828395480       -0.2870537606
 C         -2.2475740804        1.6035871725       -0.1174854499
 C         -2.2033452506        0.4650221984        0.9118382561
 C         -1.8746658339       -0.8975829079        0.3451040070
 O         -2.5690689378       -1.8536797621        0.5974311839
 C         -0.6562875616       -1.0965118311       -0.5387091470
 C          0.5343462043       -1.6997987104        0.2468987595
 C          1.7591458302       -0.9840336287       -0.3880168713
 O          1.2874217158       -0.4325119080       -1.5993313728
 C          0.0270045756        0.1012205444       -1.2458291959
 H          1.4666014038        2.0899158970        1.1846628657
 H         -0.7020650491        2.9808054126        0.5309187739
 H         -0.8703242001        2.8437061771       -1.2242106927
 H         -2.6073919597        1.2147965261       -1.0709372193
 H         -2.9622072622        2.3528205684        0.2230386387
 H         -3.1752585530        0.3603118225        1.3994787268
 H         -1.4653684236        0.6979200454        1.6856586556
 H         -0.9467810135       -1.8150313843       -1.3115893133
 H          0.4695290523       -1.4935656771        1.3165902195
 H          0.5938939744       -2.7765204290        0.1076141870
 H          2.5931327090       -1.6531472415       -0.6056556891
 H         -0.4729012487        0.4010826240       -2.1675288338
  26
 Etot=         -41.8805188005
 O          3.1402625795        0.0464054714        1.2942535569
 C          2.1850790684        0.1380492004        0.5480761370
 C          1.2598658770        1.2653667477        0.5192091581
 C          0.1992232094        1.2580116746       -0.3028103081
 C         -0.8798216702        2.2830162915       -0.2859196281
 C         -2.2451787642        1.5979424781       -0.1227057180
 C         -2.1975194265        0.4672817731        0.9153935786
 C         -1.8727334534       -0.8951009858        0.3465359289
 O         -2.5640090215       -1.8539726068        0.6071046981
 C         -0.6561258031       -1.0945853975       -0.5403715510
 C          0.5338676624       -1.6940090513        0.2457176997
 C          1.7588268067       -0.9832206029       -0.3981637549
 O          1.2838504446       -0.4299542818       -1.6059274248
 C          0.0261733433        0.1042840356       -1.2503177737
 H          1.4516767539        2.0819754105        1.2014085867
 H         -0.7087327018        2.9804228811        0.5347648481
 H         -0.8665383969        2.8465363082       -1.2217444103
 H         -2.5937815640        1.2000482328       -1.0770778489
 H         -2.9682147172        2.3451691497        0.2051949668
 H         -3.1656240043        0.3682721281        1.4114155952
 H         -1.4538784253        0.7027880355        1.6818601017
 H         -0.9457641107       -1.8128509776       -1.3137114175
 H          0.4715643852       -1.4751514843        1.3129210949
 H          0.5913308434       -2.7721929843        0.1188289033
 H          2.5904346798       -1.6542129550       -0.6170607044
 H         -0.4788326800        0.4036257081       -2.1697304988
  26
 Etot=         -41.8805347235
 O          3.1375689234        0.0429163919        1.2960350953
 C          2.1840736411        0.1362430800        0.5480203751
 C          1.2597158012        1.2649810339        0.5201172414
 C          0.2002534563        1.2588255722       -0.3031139747
 C         -0.8797043262        2.2834845356       -0.2850054368
 C         -2.2436184563        1.5952590166       -0.1244714066
 C         -2.1951494048        0.4678763972        0.9167383531
 C         -1.8718827914       -0.8944129745        0.3476129532
 O         -2.5634196376       -1.8530520231        0.6086242297
 C         -0.6565037034       -1.0939264586       -0.5403780955
 C          0.5328407318       -1.6922220595        0.2451272089
 C          1.7579541219       -0.9830700726       -0.4001254790
 O          1.2825378122       -0.4290102758       -1.6078030857
 C          0.0248957561        0.1054020078       -1.2505478841
 H          1.4500521607        2.0805564163        1.2035763714
 H         -0.7108877088        2.9795148795        0.5376054539
 H         -0.8661611540        2.8497898506       -1.2192603747
 H         -2.5864332975        1.1924094089       -1.0788670332
 H         -2.9713687674        2.3410417513        0.1965349684
 H         -3.1620771871        0.3701872064        1.4149060763
 H         -1.4499622721        0.7034474884        1.6810647157
 H         -0.9458559689       -1.8117097722       -1.3144926456
 H          0.4717127479       -1.4707357290        1.3114786110
 H          0.5896477872       -2.7708070296        0.1220489994
 H          2.5889266031       -1.6542193836       -0.6194325297
 H         -0.4817539529        0.4051749409       -2.1688488916
