----------------------------------------------- 
  Element       SASA      Sigma Z        Total  
     Z         Ang**2 cal/Ang**2/mol   kcal/mol 
----------------------------------------------- 
      H        131.496       0.000       0.000
      C         49.918      96.977       4.841
      O         57.082     -37.595      -2.146

 Subtotal:     238.496                   2.695
 -----------------------------------------------

  Elements    COT*SASA   Sigma Z,Z'     Total   
    Z,Z'       Ang**2  cal/Ang**2/mol kcal/mol  
 ---------------------------------------------- 
  H   C         88.829     -49.420      -4.390
  H   O          0.000     -26.347      -0.000
  C   C         55.586     -84.314      -4.687
  O   C         36.767     -17.494      -0.643
  O   O          0.000     -62.798      -0.000

 Subtotal:                              -9.720
 ---------------------------------------------- 

 NONAQUEOUS SOLVENT CONTRIBUTION (kcal/mol):
 (proportional to SASA, atomic number independent)
 ---------------------------------------------- 
 Subtotal:                               2.819
 ---------------------------------------------- 

 CDS TOTAL (kcal/mol):                  -4.206
...............................................................................
