----------------------------------------------- 
  Element       SASA      Sigma Z        Total  
     Z         Ang**2 cal/Ang**2/mol   kcal/mol 
----------------------------------------------- 
      H        137.491       0.000       0.000
      C         42.369      96.977       4.109
      O         61.769     -37.595      -2.322

 Subtotal:     241.628                   1.787
 -----------------------------------------------

  Elements    COT*SASA   Sigma Z,Z'     Total   
    Z,Z'       Ang**2  cal/Ang**2/mol kcal/mol  
 ---------------------------------------------- 
  H   C         92.172     -49.420      -4.555
  H   O          0.000     -26.347      -0.000
  C   C         55.758     -84.314      -4.701
  O   C         29.533     -17.494      -0.517
  O   O          0.000     -62.798      -0.000

 Subtotal:                              -9.773
 ---------------------------------------------- 

 NONAQUEOUS SOLVENT CONTRIBUTION (kcal/mol):
 (proportional to SASA, atomic number independent)
 ---------------------------------------------- 
 Subtotal:                               2.856
 ---------------------------------------------- 

 CDS TOTAL (kcal/mol):                  -5.130
...............................................................................
