----------------------------------------------- 
  Element       SASA      Sigma Z        Total  
     Z         Ang**2 cal/Ang**2/mol   kcal/mol 
----------------------------------------------- 
      H        136.954       0.000       0.000
      C         42.022      96.977       4.075
      O         64.249     -37.595      -2.415

 Subtotal:     243.225                   1.660
 -----------------------------------------------

  Elements    COT*SASA   Sigma Z,Z'     Total   
    Z,Z'       Ang**2  cal/Ang**2/mol kcal/mol  
 ---------------------------------------------- 
  H   C         91.826     -49.420      -4.538
  H   O          0.000     -26.347      -0.000
  C   C         54.946     -84.314      -4.633
  O   C         31.143     -17.494      -0.545
  O   O          0.000     -62.798      -0.000

 Subtotal:                              -9.716
 ---------------------------------------------- 

 NONAQUEOUS SOLVENT CONTRIBUTION (kcal/mol):
 (proportional to SASA, atomic number independent)
 ---------------------------------------------- 
 Subtotal:                               2.875
 ---------------------------------------------- 

 CDS TOTAL (kcal/mol):                  -5.181
...............................................................................
