26
 energy: -41.439986031304 gnorm: 0.810041942099 xtb: 6.7.1 (edcfbbe)
O            2.93258500000000       -0.67839800000000       -1.43445900000000
C            2.04891400000000       -0.58406400000000       -0.59853600000000
C            0.86796400000000       -1.46479900000000       -0.55394100000000
C           -0.12595800000000       -1.21891400000000        0.32902600000000
C           -1.46057200000000       -1.90171400000000        0.31303500000000
C           -2.53781500000000       -1.05869900000000       -0.40356400000000
C           -2.64122400000000        0.40189400000000        0.08235500000000
C           -1.42459100000000        1.20392300000000       -0.35168300000000
O           -1.37926500000000        1.72989300000000       -1.44505300000000
C           -0.47054574850000        2.12371125490000        0.20132408710000
C            0.49883732380000        2.40656583920000       -0.26815399400000
C            2.62877467620000       -0.18787883920000        0.72291799400000
O            1.44674500000000        0.04141600000000        1.64796900000000
C            0.28492874850000       -0.92601625490000        1.74353691290000
H            0.80280300000000       -2.26385100000000       -1.29761700000000
H           -1.37880500000000       -2.87596400000000       -0.19128500000000
H           -1.78371800000000       -2.08829100000000        1.35106800000000
H           -3.51380200000000       -1.54838800000000       -0.26534200000000
H           -2.33242000000000       -1.05132800000000       -1.48609200000000
H           -2.76244000000000        0.43292300000000        1.17707100000000
H           -3.52333600000000        0.86964800000000       -0.37804200000000
H           -0.56571800000000        1.99289200000000        1.41338900000000
H            1.02057100000000        1.79094300000000       -1.08276000000000
H            1.44975600000000        2.63576500000000        0.42131200000000
H            3.06468300000000        0.85620000000000        0.65144100000000
H           -0.49037900000000       -0.25788600000000        2.24130100000000
26
 energy: -41.664186406383 gnorm: 0.269519711754 xtb: 6.7.1 (edcfbbe)
O            2.93057004680864       -0.66772097516619       -1.47166305236629
C            2.08802626925121       -0.65249304971604       -0.57399740341756
C            0.86748218524302       -1.46613757595249       -0.56436096563999
C           -0.11634310944536       -1.26086688552318        0.35720353408874
C           -1.46708478471131       -1.90753012992503        0.31457737734982
C           -2.53705033944609       -1.06083425750820       -0.40694400792660
C           -2.63982718012549        0.39419559716587        0.08509041654637
C           -1.47401325513086        1.23370123935044       -0.37107997987633
O           -1.42309703644482        1.70024290750441       -1.51573998968511
C           -0.50147108020672        2.05661417274458        0.29722897452307
C            0.61975504350821        2.37915303532811       -0.25254038015112
C            2.54432762103088       -0.13571156955020        0.73412935720492
O            1.46507269254173        0.01775030933972        1.67537330040154
C            0.29986454082745       -0.83066701149789        1.69181579635015
H            0.79125087990368       -2.24280987140478       -1.31868687379494
H           -1.38373224570135       -2.87461706743673       -0.19225553780306
H           -1.78648539907300       -2.08878569468285        1.34727332026990
H           -3.50990057582145       -1.54664880447397       -0.26546485092301
H           -2.33167727814698       -1.04987885039219       -1.48401700717295
H           -2.75832561879613        0.43168849632647        1.17464121357274
H           -3.51814896089693        0.86461484764154       -0.37594645780089
H           -0.58545303331776        2.02664409755168        1.43470741819271
H            1.02322643612203        1.82080608106207       -1.11879662513323
H            1.46241186884528        2.67137145637665        0.41313798357361
H            3.07467924091072        0.83933226165894        0.66858799827817
H           -0.47808392772861       -0.27182975882075        2.25694444133931
26
 energy: -41.759748307142 gnorm: 0.117480354892 xtb: 6.7.1 (edcfbbe)
O            2.92486710567105       -0.66453189019874       -1.48993999477465
C            2.11769240550837       -0.71575405943778       -0.55158499877532
C            0.87818607038387       -1.48087973923304       -0.56549817478576
C           -0.09103875547079       -1.30638666673333        0.38912709099177
C           -1.46591179446156       -1.91113177010972        0.32062310083765
C           -2.52716923251719       -1.05749721966118       -0.40764609833928
C           -2.62428294263950        0.39764557131584        0.08568000598876
C           -1.50200786443997        1.28049403035104       -0.40787348065620
O           -1.45659737166832        1.66670906061414       -1.58534858087608
C           -0.48213238227445        1.98375323915217        0.37068107177620
C            0.67109505144679        2.31981176522934       -0.20331307761830
C            2.42592819996902       -0.08673969855854        0.74203962132449
O            1.46908559405198        0.00106944108505        1.67327913683678
C            0.32892507039744       -0.71517084500949        1.62569681457502
H            0.76835243602341       -2.20814769397991       -1.35819904063972
H           -1.39237713227561       -2.87257168248113       -0.19176806630880
H           -1.79392257028129       -2.08973279428307        1.34545419657316
H           -3.49898646009226       -1.54126474433682       -0.26387630020581
H           -2.32604452190520       -1.04652609405230       -1.48108251004699
H           -2.74347508362989        0.43154887198842        1.17131407172179
H           -3.51363050215387        0.85239006626364       -0.36896394389849
H           -0.59089519364120        2.06636295978622        1.43365362425373
H            0.99140857739788        1.86027802371925       -1.14139188263025
H            1.45271239284699        2.70235486417657        0.40909347147610
H            3.08663205244456        0.80335294130246        0.70521069595650
H           -0.45044014869026       -0.28985293690908        2.28385124724372
26
 energy: -41.790327892695 gnorm: 0.065763569533 xtb: 6.7.1 (edcfbbe)
O            2.91747843582824       -0.67853273707567       -1.48763138377079
C            2.12377917250464       -0.74240773553268       -0.54618893442803
C            0.89275417219118       -1.50012706941886       -0.55546487409739
C           -0.06873180243786       -1.32849710905773        0.40878372935139
C           -1.45603962559801       -1.91114604935133        0.32909444913652
C           -2.50458338063679       -1.04970133730992       -0.40707470583079
C           -2.61271193072766        0.40399842059082        0.08431517617512
C           -1.51150593568489        1.29184268794403       -0.45182037845652
O           -1.49042238483191        1.62838209831261       -1.62944720385720
C           -0.46347621709532        1.90541757440761        0.40121744126172
C            0.70233016084550        2.25216385174873       -0.17041405967932
C            2.34267401072942       -0.05198532274749        0.71854408779427
O            1.46276845991685       -0.02093376720868        1.66204650283434
C            0.31918532135881       -0.63507032784367        1.57761246729726
H            0.73215184430653       -2.16027884488134       -1.40690629371445
H           -1.39836704094984       -2.87056483643496       -0.18787931045730
H           -1.80288078273102       -2.08774288863633        1.34749799630389
H           -3.47636702793401       -1.53108937647728       -0.26051038926733
H           -2.30624434271356       -1.04036725446349       -1.47946453283572
H           -2.70833585994015        0.43687900124524        1.17003104539711
H           -3.52193429489815        0.83395029583707       -0.35480951485854
H           -0.63974735928096        2.11915774434803        1.45959554964504
H            0.97339476776303        1.90379569667024       -1.17315883327817
H            1.46838989034941        2.75877974866619        0.41754563435847
H            3.10500839486780        0.75680375124965        0.75548032512948
H           -0.42259364520130       -0.30314321458075        2.31822400984700
26
 energy: -41.798650840002 gnorm: 0.049112805839 xtb: 6.7.1 (edcfbbe)
O            2.90668436143926       -0.68411829798200       -1.49861800013712
C            2.12642447187412       -0.75431754983803       -0.54393122276051
C            0.88419327355735       -1.49558610616573       -0.55544672367465
C           -0.06905925477646       -1.32732170797403        0.42014780312051
C           -1.45125021140459       -1.91309747404241        0.34031068093383
C           -2.47999167459787       -1.04130451712915       -0.40479891424326
C           -2.59492421349490        0.41190682143884        0.08485307894315
C           -1.51062247113819        1.30559674433203       -0.48686953853670
O           -1.50626914056090        1.58826068428970       -1.67349800038243
C           -0.46801716822409        1.88864485848590        0.40189303635488
C            0.70903750581093        2.23914452012390       -0.14791681985630
C            2.31702309105908       -0.02411727803022        0.68603947278034
O            1.47883804996581       -0.04345987632712        1.69001056202928
C            0.28718287516245       -0.58629172263124        1.55104081540271
H            0.68720629673233       -2.10789598784715       -1.43743585211601
H           -1.40128122767472       -2.87158804405069       -0.17856256628202
H           -1.81257050461185       -2.08624700796156        1.35477298544911
H           -3.45166606876635       -1.52188889152825       -0.26498057068560
H           -2.26951552246431       -1.03115556739024       -1.47489892088115
H           -2.65382808992782        0.44997978956015        1.17230556859515
H           -3.52944803123193        0.81054583255230       -0.33183813537640
H           -0.68259629573925        2.09763884498207        1.42663571276360
H            0.95945282747034        1.95449377444080       -1.15982988347343
H            1.46519703869263        2.72769066167217        0.41632504768950
H            3.12304667638834        0.71796979013489        0.79381130050229
H           -0.40727359353940       -0.32389929311489        2.35969708384140
26
 energy: -41.802977480665 gnorm: 0.052734488603 xtb: 6.7.1 (edcfbbe)
O            2.91442201340030       -0.71652050669497       -1.49060824163623
C            2.12445716357631       -0.75404188023188       -0.54802229790200
C            0.86238241868337       -1.47575400919708       -0.56625511190284
C           -0.07639282517921       -1.32637749723114        0.43322602521179
C           -1.45208870222036       -1.91747299581370        0.35337218775327
C           -2.46247955517280       -1.03589842369377       -0.40109341331497
C           -2.57878125856124        0.41523123212112        0.09309495665359
C           -1.49757722702725        1.29299477311925       -0.51061512860916
O           -1.49563615421613        1.51946793070046       -1.70921996410437
C           -0.46553361160016        1.86232762611321        0.39323483751295
C            0.72468225896051        2.20734876213154       -0.11954302911968
C            2.28819384766233       -0.00180957780536        0.66537243400085
O            1.41807562500606        0.03471790494940        1.61828978745908
C            0.27544073030478       -0.54927944233598        1.53687626437864
H            0.65629720012130       -2.07300104702607       -1.43882305053433
H           -1.40543363895641       -2.87349566065875       -0.16979087126374
H           -1.82553174888779       -2.09188890362535        1.36347818757483
H           -3.43747004454921       -1.51275366494709       -0.28287228178791
H           -2.22721706139253       -1.01550655022050       -1.46723413459110
H           -2.59460595555039        0.46098603789711        1.18243911232002
H           -3.53031473618218        0.79755599545550       -0.29636894485029
H           -0.75512264959956        2.11599077241555        1.40956612597020
H            0.95841036539024        1.99187926825045       -1.15198135356956
H            1.46732181939163        2.74574239295218        0.44348600967854
H            3.16744510773067        0.65373237240683        0.81319500347192
H           -0.39697038113232       -0.37459190903092        2.38601489120068
26
 energy: -41.804611801303 gnorm: 0.035724993561 xtb: 6.7.1 (edcfbbe)
O            2.91256079558580       -0.73996580253900       -1.48788220782922
C            2.11504702938278       -0.75199991928685       -0.54930918292001
C            0.84704023627534       -1.46760172235378       -0.56590975802648
C           -0.08461558357791       -1.32378677165031        0.43807739366299
C           -1.45659951026616       -1.92044317529810        0.35925155430108
C           -2.45845820200124       -1.03776649127779       -0.40413976082793
C           -2.56768726870731        0.41135472279863        0.09740750980175
C           -1.48474665319319        1.27345779547983       -0.52466020677696
O           -1.47949216624315        1.47892858621528       -1.72594518354249
C           -0.47169437201322        1.86164895217032        0.37527091824903
C            0.72116577220105        2.20859136963403       -0.10985042063166
C            2.29980968688779        0.00135760204094        0.65672895361580
O            1.43330473615734        0.03550196417248        1.63763117121420
C            0.25907624285615       -0.53997661303373        1.54595108673277
H            0.62855628708325       -2.05103691256069       -1.44597240039598
H           -1.40748287836548       -2.87875467097580       -0.15885220098286
H           -1.83423635293255       -2.09133494042740        1.36857842061900
H           -3.43776997159359       -1.51086371337082       -0.30876516132992
H           -2.19915669309986       -1.00741372016392       -1.46560090600956
H           -2.55473454058184        0.45875320817592        1.18753943346757
H           -3.52301616542278        0.80083786333817       -0.26677622185205
H           -0.78306383957955        2.10119489347059        1.39146910457333
H            0.95653835737845        2.02314875540938       -1.15385985388428
H            1.45877998348840        2.76678463357415        0.47195724754851
H            3.14530692505399        0.63415035943902        0.80679831962199
H           -0.37845885477252       -0.35518325298054        2.37008035160157
26
 energy: -41.806281397623 gnorm: 0.042862632573 xtb: 6.7.1 (edcfbbe)
O            2.91516037632374       -0.76389184275968       -1.48140238950363
C            2.09411701456077       -0.72879969371428       -0.56323728975478
C            0.82174960243126       -1.43531154555101       -0.57975652435094
C           -0.10013941095939       -1.29773835482574        0.42836275731981
C           -1.46151117509246       -1.91657686147570        0.36489817572511
C           -2.46172107495977       -1.04250035770025       -0.40841497020126
C           -2.55826077367238        0.40662694152783        0.09699183760776
C           -1.47864403386086        1.26236362111821       -0.54323708653202
O           -1.46879715033163        1.45023204036895       -1.74628978365076
C           -0.49118900352249        1.88699482198163        0.34738026511623
C            0.70483918727379        2.24121809134467       -0.11766725555667
C            2.29259268338715        0.00725622020454        0.65111207421684
O            1.43936893356492        0.05495581554540        1.65625892349991
C            0.26100931683536       -0.53931780634972        1.54173280772097
H            0.60120670305781       -2.02420139586973       -1.45394920220467
H           -1.40180729652199       -2.88026416715925       -0.14141126020001
H           -1.83450744822710       -2.08053417912112        1.37676957174514
H           -3.44327241474692       -1.51455046514548       -0.33283085782652
H           -2.18076876944873       -1.00782015944561       -1.46449208570019
H           -2.52063477757238        0.45303868859447        1.18645805080215
H           -3.51572913771272        0.80864304473181       -0.23994163926463
H           -0.78314822500514        2.05531174307249        1.35732550074691
H            0.95338351650776        2.05113563497555       -1.14223211031817
H            1.44206090701405        2.74076834396022        0.48612073945958
H            3.19322967459119        0.59850207623479        0.82654156471962
H           -0.36261422391385       -0.40595725454295        2.43412818638455
26
 energy: -41.807354839766 gnorm: 0.025516555805 xtb: 6.7.1 (edcfbbe)
O            2.92026720826701       -0.77586977211992       -1.47687983018152
C            2.09434298172736       -0.73961896342435       -0.55859864592051
C            0.81571482349373       -1.43182980794018       -0.57835987496976
C           -0.09812575880738       -1.30151675176237        0.43924823224284
C           -1.46387434007751       -1.91568950063223        0.37469236402081
C           -2.45912776541879       -1.04510070179198       -0.41063586263972
C           -2.55181693110188        0.40452566815774        0.09259218674780
C           -1.47767632997691        1.26455168384904       -0.55284800674098
O           -1.45580752357528        1.43597988814914       -1.75842414012899
C           -0.49670695320254        1.89859681554660        0.34310000911493
C            0.70167524125546        2.26365909900673       -0.11281659643916
C            2.29170778166701        0.01821055164486        0.65296546381604
O            1.42513642932979        0.05154594054115        1.63009986373314
C            0.26382995556844       -0.54687283562014        1.55460921675449
H            0.58494900527757       -2.01459485444385       -1.46076820304599
H           -1.40226382713109       -2.88317930575582       -0.12455827225587
H           -1.84075799182678       -2.07216410409607        1.38651879393742
H           -3.44115897160164       -1.51584550138081       -0.34126551884913
H           -2.17313022859484       -1.01485824130289       -1.46434369924015
H           -2.50525105556632        0.44638616779758        1.18063818559149
H           -3.51223660558328        0.81108775146310       -0.23226300633401
H           -0.79336072855438        2.05567256600816        1.35781865518939
H            0.95579627296004        2.08582640709239       -1.14190109551806
H            1.43719503173276        2.71465964817178        0.49802813685039
H            3.19157970048169        0.59590172757148        0.81829304699778
H           -0.35492642074228       -0.40988057472913        2.42427659726763
26
 energy: -41.808227129888 gnorm: 0.019596673375 xtb: 6.7.1 (edcfbbe)
O            2.91381066057101       -0.77961604055448       -1.48047259266276
C            2.08309787068082       -0.73594193221548       -0.56352820131821
C            0.79783871541758       -1.41115862174391       -0.58842859234050
C           -0.10439316854829       -1.29541469854024        0.44392610713373
C           -1.46986976815423       -1.91419087186899        0.38448899435090
C           -2.46028311438658       -1.05061232458031       -0.41447764568805
C           -2.54698056571256        0.39968713515632        0.08462566383488
C           -1.47439874262280        1.25551537866103       -0.56752424914585
O           -1.43263942456749        1.39761207563624       -1.77914032783791
C           -0.49884698511848        1.90057461578525        0.32961604926887
C            0.70070801159689        2.27388762140421       -0.11211258104786
C            2.29170298665488        0.00929571656246        0.64650380183610
O            1.43783795559579        0.03129105641997        1.63372167372927
C            0.27021538364304       -0.55365253469916        1.56152511621238
H            0.56735898331817       -1.99855525231751       -1.46336530330417
H           -1.40502996892362       -2.88753712296892       -0.10372334793704
H           -1.84965186791642       -2.05844677412548        1.39739730148990
H           -3.44258626780251       -1.51914756518304       -0.34858127950140
H           -2.16869067762776       -1.02835068731137       -1.46600707946859
H           -2.48888182323698        0.44110031062637        1.17135437915586
H           -3.50882528563028        0.81167211660437       -0.22996156477857
H           -0.81804373985008        2.07806625751004        1.35776776898556
H            0.97137289373678        2.11217130773896       -1.14182665653079
H            1.42768278514713        2.76505001705859        0.51686623413687
H            3.20054859002104        0.56830797853149        0.82469233092500
H           -0.33708043628513       -0.43202416158640        2.44588200050273
26
 energy: -41.808578462452 gnorm: 0.016194065790 xtb: 6.7.1 (edcfbbe)
O            2.91205247791760       -0.79688658739214       -1.47538005335365
C            2.07089350364122       -0.73442156164687       -0.56851038893721
C            0.78212131308156       -1.39571625290510       -0.59459771983230
C           -0.11013194370676       -1.29235653541190        0.44739545011362
C           -1.47590430101929       -1.91325136693435        0.39315819789692
C           -2.45967768438808       -1.05728486949161       -0.42196498864435
C           -2.53938344856125        0.39320492642129        0.07493402923440
C           -1.46968626346162        1.24651380363797       -0.58232937660044
O           -1.42268452867825        1.38288830296734       -1.78592454577926
C           -0.50506506157847        1.90636460557635        0.32370377936960
C            0.69020015582889        2.30156047279260       -0.10914321105381
C            2.28521460114723        0.00047308503493        0.64652530181982
O            1.44504470098039        0.03092193763952        1.64027298141471
C            0.27644461696278       -0.55037728322749        1.57023141303290
H            0.54834747436639       -1.98367263749135       -1.46737110717652
H           -1.40848778255169       -2.89533755476321       -0.07775153532117
H           -1.85998365089241       -2.03978918789049        1.40728496232479
H           -3.44372309499297       -1.52165304805810       -0.35938580480486
H           -2.15932650211400       -1.04333685750093       -1.47108185001840
H           -2.46660966721665        0.43275761032435        1.16087846719496
H           -3.50308237981057        0.81235942110848       -0.22572241628044
H           -0.80712933373509        2.04035427556663        1.34939133957268
H            0.97217704049178        2.16336396970880       -1.15116017020073
H            1.41449046865043        2.80020362343344        0.53043386244313
H            3.21146099629622        0.53489241789304        0.82835422366164
H           -0.32159870665751       -0.44219170939117        2.45697715992433
26
 energy: -41.808769345837 gnorm: 0.019622277616 xtb: 6.7.1 (edcfbbe)
O            2.91074843147193       -0.81137441350783       -1.47316507921714
C            2.06386321822845       -0.73756214359319       -0.57208111872113
C            0.76832041213778       -1.38110198432954       -0.60147628012468
C           -0.11404444093613       -1.28535611709359        0.44710427562052
C           -1.47934015436139       -1.90887550453678        0.40067031769674
C           -2.45927738155130       -1.06135378544449       -0.42533869006650
C           -2.53366031648868        0.39011325310787        0.06842711258988
C           -1.46405308932930        1.23813393506765       -0.59334663135398
O           -1.39672806604666        1.34050361795703       -1.80437295996107
C           -0.51631721008582        1.92688416655895        0.30817558963760
C            0.67945395629826        2.33222554888656       -0.11339902728531
C            2.28669674213951       -0.00235886580040        0.64706464325378
O            1.45575514677674        0.02038738341602        1.64920430510557
C            0.28681979670256       -0.56110815920496        1.57689149822106
H            0.52214154437030       -1.96097312964786       -1.48249566380048
H           -1.41029258799374       -2.89945925827697       -0.05278162919066
H           -1.86521064333159       -2.01867519288078        1.41599974550341
H           -3.44473085838328       -1.52318786365570       -0.36616847162449
H           -2.15081658791419       -1.05529221645588       -1.47243615046068
H           -2.45487457482474        0.43248840733149        1.15260210126850
H           -3.49540080821834        0.81307575310968       -0.22816110623944
H           -0.81575846996632        2.04924267733986        1.33751837638010
H            0.98518356145700        2.17852316171395       -1.12302690268362
H            1.39217744076407        2.82226373332911        0.54077104871317
H            3.20704554115508        0.51571320438015        0.82045912347805
H           -0.30172760207035       -0.47329320777030        2.48257957326124
26
 energy: -41.808950051226 gnorm: 0.020016959784 xtb: 6.7.1 (edcfbbe)
O            2.90198885320133       -0.80384088025888       -1.47832384524086
C            2.05812511705592       -0.73080389945928       -0.57532995606219
C            0.76079426107163       -1.36866419674642       -0.60391101008493
C           -0.11705770283883       -1.27724387862478        0.44748141803696
C           -1.47975188542761       -1.90487194313808        0.40514011373549
C           -2.46032225732957       -1.06472575130063       -0.42505267534362
C           -2.53355122898818        0.38832861897109        0.06435129499489
C           -1.45989364645497        1.23103177382889       -0.59628804769099
O           -1.37905437088358        1.31701239745109       -1.81072840517367
C           -0.51946560715689        1.93129998689276        0.30440746013482
C            0.67386439423280        2.34637749388066       -0.11240763587393
C            2.29303133586732       -0.01248288652008        0.64710051876833
O            1.46505207327379        0.00007503382498        1.65877759481270
C            0.28488568137825       -0.57330447979866        1.58327119632888
H            0.50905191633951       -1.94306284214864       -1.48869700034066
H           -1.40825909812917       -2.89895833875926       -0.03957311752107
H           -1.86449789421850       -2.00755454705684        1.42098494814448
H           -3.44563540404267       -1.52730375953848       -0.36551024250833
H           -2.14989572008738       -1.06259302575915       -1.47171337870788
H           -2.45842859330681        0.43329515350770        1.14776775394999
H           -3.49230882838207        0.81150860792032       -0.23685950749333
H           -0.82914686025722        2.06566989445513        1.33803194521637
H            0.97875526028871        2.20538353900284       -1.13622830788366
H            1.38176676638830        2.81379901462538        0.54287724231217
H            3.24110230466221        0.49252174474423        0.83384509948008
H           -0.29517586625648       -0.48130982999586        2.48580454401050
26
 energy: -41.809085529311 gnorm: 0.015365031760 xtb: 6.7.1 (edcfbbe)
O            2.89799622037546       -0.79396232970906       -1.48192143573944
C            2.06273743909904       -0.73548515131630       -0.57098476225307
C            0.76273538944468       -1.37127685616924       -0.60224047949557
C           -0.11541258470624       -1.28181298435707        0.45030675147486
C           -1.48036835849535       -1.90437848006042        0.40679879080781
C           -2.46078295556088       -1.06435091351600       -0.42424563552281
C           -2.53413252852841        0.39055139822689        0.05979483048928
C           -1.45620001399640        1.22982834854921       -0.59801971353989
O           -1.37831589483607        1.32729009800326       -1.80463585650535
C           -0.51371259789211        1.92320121314085        0.30915273440953
C            0.67626909842423        2.34459047083271       -0.11130567481599
C            2.29980956102200       -0.01424786288055        0.65071878410611
O            1.46496936597516       -0.00608111447209        1.65389836874715
C            0.28952168720451       -0.58138120151574        1.58530489219491
H            0.51253401433938       -1.94382898456697       -1.48472076753602
H           -1.41149246600121       -2.89777006827759       -0.03820369480214
H           -1.86558447150345       -2.00663069173879        1.42222957122083
H           -3.44638356785339       -1.52589826212975       -0.36000273972453
H           -2.15542816546643       -1.06350348009788       -1.47196008138556
H           -2.46475756743748        0.43692431773538        1.14425783900750
H           -3.49192914516365        0.81332603617704       -0.24766512418121
H           -0.82323593892889        2.05578763122329        1.33804985931638
H            0.97556933209152        2.21391739520627       -1.15036384342774
H            1.38128251660958        2.82965229786835        0.54024739089875
H            3.22655167397940        0.50101274160806        0.82893275142723
H           -0.29626704219518       -0.49589056776380        2.49579524482948
26
 energy: -41.809128358643 gnorm: 0.018731484793 xtb: 6.7.1 (edcfbbe)
O            2.88981177026477       -0.78380376676234       -1.49156178240735
C            2.06234662708323       -0.73721563867293       -0.57345540891949
C            0.76371379161740       -1.37462059576779       -0.60226733698624
C           -0.11198030940295       -1.29334985523890        0.45593364230777
C           -1.48140441790473       -1.90683167899788        0.41101815293471
C           -2.46029014947529       -1.06549372767737       -0.42133589756465
C           -2.53510409247765        0.39204484116462        0.05577256332919
C           -1.45272632077562        1.22801641542463       -0.59973937804591
O           -1.36827176901288        1.31784351401398       -1.80642024043460
C           -0.51480901198220        1.92490092923530        0.30883198576305
C            0.67538391372407        2.34731500054708       -0.11257180990255
C            2.30097153353371       -0.02641729258180        0.65273866163502
O            1.46758736689705       -0.00772730260136        1.64977819699838
C            0.29513847047923       -0.57959968811272        1.59058499690000
H            0.51307827152416       -1.94064696336977       -1.48588872854338
H           -1.41687166771715       -2.90015133332022       -0.03348029544980
H           -1.86767062444938       -2.00649966868884        1.42613645082901
H           -3.44643454676633       -1.52559098172541       -0.35300017782003
H           -2.15975858199100       -1.06692185166378       -1.47013511631605
H           -2.47438385138949        0.44292829571597        1.14119503375903
H           -3.49140868651609        0.81299144052949       -0.26184848607984
H           -0.82507945688284        2.05566671735634        1.33113039488597
H            0.98468202502350        2.19727027741368       -1.12696899911529
H            1.36863250777904        2.87172092142845        0.54214572409341
H            3.23485954703415        0.48836583202768        0.83332195591651
H           -0.29403933821689       -0.48461083967605        2.47930389823365
26
 energy: -41.809457112616 gnorm: 0.008842323014 xtb: 6.7.1 (edcfbbe)
O            2.88720567319083       -0.78669772377012       -1.49379106139214
C            2.05755476708483       -0.73371830970061       -0.57797353671544
C            0.75756901827311       -1.36699843077975       -0.60485146064735
C           -0.11418492136361       -1.28778315541715        0.45457216163400
C           -1.48234745869198       -1.90432391543923        0.41444077205253
C           -2.46072850875542       -1.06760398274540       -0.42203859795066
C           -2.53357998450158        0.39105108161488        0.05235891884449
C           -1.44677457764762        1.22107903378651       -0.60244142267169
O           -1.34800830439987        1.29196738242271       -1.81401110564760
C           -0.51785095367098        1.93069439147870        0.30488474926967
C            0.67118936923771        2.35996618719972       -0.11019700707959
C            2.30118951833167       -0.02947014686051        0.65327087162583
O            1.47419349658599       -0.01200515753445        1.66012247974984
C            0.29984847567497       -0.58495803778342        1.59296725601228
H            0.49935934740259       -1.92596030416358       -1.49431826727236
H           -1.41722074419062       -2.90154986443055       -0.02266274494094
H           -1.86845308278020       -1.99692747568523        1.43059258198826
H           -3.44732614280661       -1.52717515199593       -0.35496579490171
H           -2.15588669412236       -1.07307975442425       -1.47013610348330
H           -2.47474264747364        0.44596580805661        1.13729408586926
H           -3.48715035107429        0.81413403917301       -0.26824172835425
H           -0.83606683170644        2.06442019264053        1.33007551153679
H            0.98172185972814        2.21671113706323       -1.13120802963991
H            1.36212681787655        2.86440452460667        0.54626697999447
H            3.23732517289162        0.47717721268948        0.83397714870102
H           -0.28298931309298       -0.49973658000182        2.49523134341905
26
 energy: -41.809598136259 gnorm: 0.005833789999 xtb: 6.7.1 (edcfbbe)
O            2.87880121789895       -0.77921162774978       -1.50164797049836
C            2.05471491694837       -0.73099435694722       -0.58047585291673
C            0.75082815138656       -1.35839598236760       -0.60612867058770
C           -0.11646662201566       -1.28222694665215        0.45566830328741
C           -1.48359131877223       -1.90067440558079        0.42024419299193
C           -2.46262185083746       -1.07126285780612       -0.42180789199829
C           -2.53236250897093        0.38996566459123        0.04441105152179
C           -1.43731571693459        1.21063448302659       -0.60827207758399
O           -1.32915211145473        1.27368844260753       -1.81638822972526
C           -0.51856500498323        1.93066413620781        0.30266469384577
C            0.66690737518962        2.37202631513712       -0.10945394453902
C            2.30830067004744       -0.03785547870138        0.65584767863325
O            1.48172198855262       -0.02813425655484        1.66569092018546
C            0.30235472440413       -0.59649625629115        1.59801095062271
H            0.48479140536096       -1.90789993048112       -1.49994211204496
H           -1.41820317642958       -2.90157927951308       -0.00895585822053
H           -1.86850241979554       -1.98574781676990        1.43754160778343
H           -3.44934687161911       -1.52994122221769       -0.35104807406772
H           -2.15736439504477       -1.08295858731620       -1.46986271691038
H           -2.48039247523154        0.45078907134436        1.12980388124707
H           -3.48213227433180        0.81582510000879       -0.28445470489690
H           -0.84336618814408        2.06697227390996        1.32635550382982
H            0.98194906561597        2.22975735793335       -1.13032484457152
H            1.35052904299010        2.88252895225762        0.54662191982016
H            3.24848802033328        0.46404364672142        0.83745535582212
H           -0.27403064416299       -0.51393343879670        2.50766488897109
26
 energy: -41.809824488348 gnorm: 0.009384463270 xtb: 6.7.1 (edcfbbe)
O            2.85560959690230       -0.75771591346960       -1.52250448602311
C            2.04550504876767       -0.72372085023813       -0.58828338485392
C            0.73738300421141       -1.34328765365680       -0.60946850430741
C           -0.11868140652306       -1.28119160315367        0.46266457636321
C           -1.48748106274523       -1.89660857012659        0.43488052369311
C           -2.46545119730338       -1.07798245539803       -0.41829817212272
C           -2.53064199561302        0.39004405592921        0.02694156266735
C           -1.41545600416648        1.19072893321616       -0.61697958522787
O           -1.27354138294497        1.21911400051809       -1.82625237740758
C           -0.52034078882465        1.93443912835386        0.29999149572335
C            0.65971215420729        2.39773802098327       -0.10398020146074
C            2.32089995543091       -0.05923162415483        0.65986886581317
O            1.49920719877339       -0.05528838082881        1.67399263614764
C            0.31498545340318       -0.61514319703454        1.61083912307033
H            0.45871704895162       -1.87266867340485       -1.50937580824921
H           -1.42434580723465       -2.90399948853969        0.02010336191057
H           -1.87184171295535       -1.96664111516169        1.45360356078850
H           -3.45343581387025       -1.53329581113470       -0.34090420276282
H           -2.16046180424882       -1.10357524193496       -1.46646721795480
H           -2.50113964617407        0.46634468306543        1.11276679643561
H           -3.46975522510325        0.82026366468983       -0.32796478297534
H           -0.86091039960763        2.07175856710671        1.31682067560448
H            0.98287838140452        2.25559074461110       -1.12545019094997
H            1.32417752852061        2.92927689817111        0.55322059211133
H            3.26409236066522        0.43431601817001        0.84211161448519
H           -0.25371048392356       -0.53968113657783        2.52734152948240
26
 energy: -41.809990816752 gnorm: 0.007237621193 xtb: 6.7.1 (edcfbbe)
O            2.82113453024239       -0.72427960633001       -1.55185594931226
C            2.03147344924357       -0.71407671527993       -0.59919564583235
C            0.72117010703431       -1.32854533434003       -0.61187484500379
C           -0.11975730207222       -1.28527547634045        0.47432231025149
C           -1.49270607135545       -1.89326918526398        0.45461109640373
C           -2.46904236032732       -1.08830628743479       -0.41385348368563
C           -2.52687762463473        0.38904715546153        0.00015241442849
C           -1.38225944612142        1.16268542240399       -0.62804131563283
O           -1.20322072618258        1.16007984637516       -1.82935400343035
C           -0.51939530896188        1.93551616800981        0.29852352036339
C            0.65075854203860        2.43041651773872       -0.09787525483602
C            2.33435654523362       -0.08919206512507        0.66623138471751
O            1.52270197340721       -0.08578837746689        1.68787057293889
C            0.33585630110918       -0.63663823065518        1.62869226830288
H            0.42363015152491       -1.82736742576838       -1.52315015867587
H           -1.43307386685987       -2.90836673845480        0.05779059579934
H           -1.87735702675948       -1.94458892631814        1.47464735539940
H           -3.45909553415939       -1.53741616624469       -0.32430455033805
H           -2.16728751945953       -1.13485013843813       -1.46242759434184
H           -2.53090091219230        0.48636459814471        1.08671579090206
H           -3.45043387638756        0.82616274025638       -0.39295245142179
H           -0.88544904034084        2.08347355791036        1.30793149602220
H            0.98766266768318        2.27844144053828       -1.11143085678375
H            1.29034827857817        2.99392175118313        0.55688328045880
H            3.28097227222399        0.39719238513785        0.84514049730090
H           -0.22723520250490       -0.56575790969936        2.54602152600632
26
 energy: -41.810056149679 gnorm: 0.006134301304 xtb: 6.7.1 (edcfbbe)
O            2.81643850623523       -0.72133612057923       -1.55334555190143
C            2.02817334476091       -0.71273306597007       -0.60074156529576
C            0.71707682332366       -1.32566818481041       -0.61152175901786
C           -0.12065043766919       -1.28336792458050        0.47620282254294
C           -1.49334794485335       -1.89179849741086        0.45789135448036
C           -2.46883746061292       -1.08925066081656       -0.41324349206363
C           -2.52524409931817        0.38841240757875       -0.00405583608123
C           -1.37717559406569        1.16034192017911       -0.62675893902046
O           -1.18878057034195        1.14652682085130       -1.82860060988010
C           -0.52051224658326        1.93779705568835        0.29913441302454
C            0.64853058017583        2.43527595493890       -0.09586392420460
C            2.33358394736351       -0.09094181480584        0.66437707021741
O            1.52392415718755       -0.09116881538838        1.68658905035930
C            0.33619321702491       -0.63892778435567        1.62974051235140
H            0.41607907687149       -1.82139357225581       -1.52184779828594
H           -1.43262756615719       -2.90765504905530        0.06382428481857
H           -1.87849248613090       -1.94103125242180        1.47759752623551
H           -3.45915702143279       -1.53693191002465       -0.32251617607783
H           -2.16657216780247       -1.14081261120499       -1.46107286056657
H           -2.53486242507359        0.48923563240157        1.08093155933433
H           -3.44481957800106        0.82534748972234       -0.40376751154411
H           -0.88573396430667        2.07853108747471        1.30485413648175
H            0.98782801365904        2.27954456991836       -1.10665528719140
H            1.28465055164396        3.00879159173877        0.55809412553808
H            3.28378193344113        0.39181567138324        0.84120674178491
H           -0.22347358933839       -0.56901993819525        2.54876571396271
26
 energy: -41.810087627292 gnorm: 0.003527267218 xtb: 6.7.1 (edcfbbe)
O            2.81454385411500       -0.72072786501866       -1.55253071509797
C            2.02559161335388       -0.71228072766731       -0.60122823055766
C            0.71505070602322       -1.32632198955041       -0.61084232458370
C           -0.12119809766433       -1.28389694469947        0.47806708535077
C           -1.49391274511398       -1.89235619049281        0.45928216691822
C           -2.46766075985414       -1.08937969155685       -0.41367167862780
C           -2.52345866644080        0.38783515073912       -0.00623671854100
C           -1.37461812442619        1.16023219162190       -0.62596018698244
O           -1.18359373661365        1.14580577545048       -1.82562625417502
C           -0.52087960451459        1.93778209994005        0.29991188414600
C            0.64795233971771        2.43498316509514       -0.09364866973416
C            2.33117346547392       -0.08781683635698        0.66030998270792
O            1.52383062419744       -0.08862321260907        1.68357298882702
C            0.33514314845677       -0.63507646123240        1.62961532233613
H            0.41369071669674       -1.82352482831602       -1.51849432019892
H           -1.43197001449596       -2.90794408911650        0.06543713133362
H           -1.88032601555193       -1.94169034006699        1.47834938742056
H           -3.45858270345198       -1.53546793312512       -0.32352285485487
H           -2.16428385345429       -1.14345960808380       -1.46067098925268
H           -2.53369957824990        0.48925176090964        1.07751385023015
H           -3.44132945683881        0.82423792483107       -0.40695144764142
H           -0.88778807985681        2.07713717943681        1.30545773142563
H            0.98917692848221        2.27706418599100       -1.10306520722183
H            1.28494916642300        3.00513367951740        0.55994102848302
H            3.28218697357907        0.39431136231481        0.83519921901806
H           -0.22401509999198       -0.56562475795498        2.54900981927323
26
 energy: -41.810130661333 gnorm: 0.001415015306 xtb: 6.7.1 (edcfbbe)
O            2.81380596701319       -0.72366180721377       -1.55472865332718
C            2.02493470563394       -0.71408494637275       -0.60276160474290
C            0.71479972841395       -1.32969136484478       -0.61077211837389
C           -0.12116442035148       -1.28470985314278        0.47843667737280
C           -1.49421744662695       -1.89249904589388        0.46033233808701
C           -2.46718284108347       -1.08917273515555       -0.41311575288965
C           -2.52305306713969        0.38871217733623       -0.00709440448596
C           -1.37181962211325        1.15900630171031       -0.62634573748158
O           -1.17124169902739        1.13607887690388       -1.82403106942337
C           -0.52361021720372        1.94076090102469        0.30020348238838
C            0.64680131092158        2.43574265935134       -0.08987980339500
C            2.32875231291891       -0.08427950221481        0.65658043426423
O            1.52247229975760       -0.08415455761323        1.68080436508949
C            0.33523325764544       -0.63406906117265        1.62857042919444
H            0.41312635276048       -1.83027625365019       -1.51803313699446
H           -1.43313832767237       -2.90841956485973        0.06691883601246
H           -1.88077673256915       -1.94077790876931        1.47941352647082
H           -3.45843203899583       -1.53476752921302       -0.32332688705020
H           -2.16330136358380       -1.14391131172792       -1.45994533411328
H           -2.53485582309380        0.49160853018512        1.07699955594206
H           -3.44047503398539        0.82485955237885       -0.40996460911915
H           -0.89371226723862        2.08300147070108        1.30496944280391
H            0.99391944757627        2.27193349344048       -1.09753618630944
H            1.28451686854062        3.00312074432395        0.56610891830284
H            3.27818037458594        0.40180857274089        0.82929708541055
H           -0.22358872508336       -0.56257483825240        2.54811820636796
26
 energy: -41.810193917554 gnorm: 0.004441725035 xtb: 6.7.1 (edcfbbe)
O            2.80956181757919       -0.73404281875710       -1.56207341141348
C            2.02011633112896       -0.71827317480433       -0.60950288322178
C            0.71337680794451       -1.34255584276653       -0.61051697274992
C           -0.12218413217178       -1.28846075086744        0.47913487077075
C           -1.49654341261215       -1.89388169970683        0.46375136693042
C           -2.46727462173132       -1.08962527048858       -0.41147104841672
C           -2.51974565513427        0.39027902836525       -0.01033709062563
C           -1.35729612915562        1.14957820499230       -0.62559408033876
O           -1.12304143477058        1.09509831404712       -1.81646826075389
C           -0.52946844783247        1.94800402682436        0.30360532160433
C            0.64976347878038        2.43141924798337       -0.07220441907397
C            2.31813668255468       -0.06981066038717        0.64163968129865
O            1.51568409179062       -0.06694814182791        1.66932547661932
C            0.33337358672253       -0.62901626352625        1.62344661600279
H            0.41154062829950       -1.85444561518838       -1.51476159081810
H           -1.43873400947223       -2.91077209106400        0.07187598060945
H           -1.88286890287558       -1.93880436483823        1.48311954118911
H           -3.45990329039633       -1.53258695224845       -0.32215513655585
H           -2.16171077639083       -1.14649824530606       -1.45772327255256
H           -2.53626268465896        0.49844008034206        1.07412109334297
H           -3.43378534059024        0.82936036649971       -0.41942531919808
H           -0.91580766990245        2.10841146090816        1.30164142732755
H            1.01168137581546        2.25793348369299       -1.07575857393500
H            1.27909143546056        3.00792700848927        0.58528998789596
H            3.26165063339289        0.43110117187143        0.80613831240175
H           -0.22337736177475       -0.55224750223872        2.54412038366165
26
 energy: -41.810223265075 gnorm: 0.003278232926 xtb: 6.7.1 (edcfbbe)
O            2.80760508617066       -0.73826464680842       -1.56361033350156
C            2.01783535632285       -0.71982065980940       -0.61172190809068
C            0.71240523940899       -1.34639812858996       -0.61039316608695
C           -0.12348876007068       -1.28950526341920        0.47883420488516
C           -1.49781671105689       -1.89512781964432        0.46488880108651
C           -2.46791241990704       -1.09113555059763       -0.41145680884009
C           -2.51675541453731        0.38895702414377       -0.01165467574568
C           -1.35046509661938        1.14417698092670       -0.62407124167139
O           -1.11159378061500        1.08504886701414       -1.81333510052672
C           -0.53018069848972        1.95140317931450        0.30457893464225
C            0.64968405827661        2.43646159698829       -0.06801944860430
C            2.31444348493660       -0.06545764577799        0.63653487683496
O            1.51272460227062       -0.06155818717025        1.66484866186635
C            0.33111197580540       -0.62544573948916        1.62088860417015
H            0.41124372754340       -1.86079064467080       -1.51253481229387
H           -1.44059861493117       -2.91244428538645        0.07429111200019
H           -1.88382237737699       -1.93851176053604        1.48444422254064
H           -3.46111491274555       -1.53250086736560       -0.32145520889197
H           -2.16211904194740       -1.14937924989571       -1.45755607010563
H           -2.53463144299882        0.49809909707543        1.07237464169570
H           -3.42852688891265        0.83121738967796       -0.42193647480190
H           -0.92079776340083        2.11430148816495        1.29999879517935
H            1.02006308646281        2.25236875219590       -1.06628010117986
H            1.27674844904306        3.01343963573523        0.59084494726451
H            3.25675596407557        0.43833939948166        0.79877267283693
H           -0.22482410670745       -0.54788996155760        2.54194287533891
26
 energy: -41.810258586042 gnorm: 0.001352465255 xtb: 6.7.1 (edcfbbe)
O            2.80434261364507       -0.74584207481925       -1.56578105571888
C            2.01406554759657       -0.72312231359752       -0.61515755119642
C            0.71043083759200       -1.35238921628416       -0.61029475763521
C           -0.12603812574508       -1.29153447280632        0.47809983659110
C           -1.49990174136800       -1.89813130848388        0.46660927407741
C           -2.46878315084855       -1.09397932302113       -0.41128225924620
C           -2.51070726231959        0.38619690803868       -0.01347963390970
C           -1.34048592889541        1.13767313813815       -0.62141918204707
O           -1.09426125878034        1.07050930063632       -1.80816010897829
C           -0.52865775339051        1.95435671632283        0.30695309866916
C            0.65285096735408        2.44111004267972       -0.06004348707265
C            2.30871657154712       -0.05957489240590        0.62861127605990
O            1.50752563856334       -0.05357716687033        1.65732888722269
C            0.32658783890597       -0.61911446912027        1.61644461615998
H            0.41097210345988       -1.87091582801329       -1.50852047427765
H           -1.44328582237001       -2.91615236010053        0.07829368326125
H           -1.88542565149019       -1.93892760869032        1.48643060376806
H           -3.46308531158207       -1.53212336342106       -0.31957704450188
H           -2.16334564164781       -1.15537152477070       -1.45728261451986
H           -2.53158185249352        0.49604694773295        1.06988324090212
H           -3.41819644720674        0.83415263701734       -0.42602620639301
H           -0.92879421513145        2.12505752674880        1.29612027735170
H            1.03204952681394        2.24863715952668       -1.05179463761924
H            1.26995882043081        3.02907658202269        0.59800463940626
H            3.24960927897628        0.44743254288912        0.78759778396937
H           -0.22858658161606       -0.53991057934865        2.53765979567811
26
 energy: -41.810274708585 gnorm: 0.001211790846 xtb: 6.7.1 (edcfbbe)
O            2.80129938616370       -0.75627510590669       -1.56891313721247
C            2.00999479272282       -0.72739108209103       -0.61954984250218
C            0.70860521171562       -1.36077792422104       -0.61001183929113
C           -0.12821555535668       -1.29496772541976        0.47763305570526
C           -1.50182165865789       -1.90185439634168        0.46851807557084
C           -2.46927744749185       -1.09639899549151       -0.41022855570426
C           -2.50395185646041        0.38397421820693       -0.01471109462763
C           -1.32811697668273        1.12945361466273       -0.61908743840608
O           -1.07196624732813        1.05221710452728       -1.80363170967034
C           -0.52796236893915        1.95874817755353        0.30912025961600
C            0.65546629176511        2.44726347177057       -0.05036159305452
C            2.30279061208431       -0.05377118881733        0.61954257814556
O            1.50179086298368       -0.04442423947411        1.64833271395486
C            0.32203935941960       -0.61246162251061        1.61139793609388
H            0.41143827850040       -1.88685572429919       -1.50377961811209
H           -1.44621467675674       -2.92050632353767        0.08210101358578
H           -1.88697303385701       -1.94029609290846        1.48853321066821
H           -3.46533053332481       -1.52990957842928       -0.31638073774402
H           -2.16494107316170       -1.16198339483028       -1.45630345535682
H           -2.52928712150728        0.49456395673191        1.06844208398664
H           -3.40647897908760        0.83805241284683       -0.43143456352319
H           -0.94095896011589        2.13975114335450        1.29082339040336
H            1.04532749831575        2.24802913981643       -1.03569716947470
H            1.25993054101166        3.04767931269380        0.60816093516633
H            3.24238701084812        0.45652060877670        0.77488390623148
H           -0.23360035680314       -0.52879676666261        2.53181959555234
26
 energy: -41.810265054041 gnorm: 0.002989683577 xtb: 6.7.1 (edcfbbe)
O            2.79824262187513       -0.76688979743314       -1.57208339452069
C            2.00591027999423       -0.73178622756317       -0.62397879741653
C            0.70677964350977       -1.36932162611523       -0.60971251142761
C           -0.13040666989320       -1.29845322011968        0.47716547137954
C           -1.50375584201349       -1.90562464995543        0.47045254922743
C           -2.46976823368038       -1.09884425629018       -0.40915305981847
C           -2.49711567025706        0.38173893121533       -0.01596512951843
C           -1.31562997879305        1.12119801303409       -0.61673918241937
O           -1.04939265116090        1.03374002767419       -1.79904155880160
C           -0.52730179132006        1.96324924834848        0.31129307729436
C            0.65806190854852        2.45355723196507       -0.04056734045711
C            2.29680671630081       -0.04792624182754        0.61036218768547
O            1.49599335635597       -0.03515777114274        1.63921897402293
C            0.31744940297400       -0.60573698066474        1.60628574630985
H            0.41192607751748       -1.90306531002840       -1.49897600623599
H           -1.44917949371699       -2.92490949672767        0.08593650760898
H           -1.88852969411980       -1.94170022762614        1.49066428676296
H           -3.46759197184478       -1.52767148465750       -0.31312781579895
H           -2.16655683342984       -1.16866971449937       -1.45530558982571
H           -2.52695554347876        0.49309516980707        1.06697789873569
H           -3.39463985764662        0.84198439583997       -0.43691193242759
H           -0.95331029803950        2.15465019999102        1.28544961397029
H            1.05878179763018        2.24742682366216       -1.01939283380954
H            1.24975171694730        3.06650289651899        0.61847196491617
H            3.23508213370279        0.46571379874320        0.76200346173625
H           -0.23867812596192       -0.51751673214872        2.52589141282883
26
 energy: -41.810278456657 gnorm: 0.001475662880 xtb: 6.7.1 (edcfbbe)
O            2.80008526487268       -0.76486564776327       -1.57090216814704
C            2.00848465235888       -0.73236035599064       -0.62188094071416
C            0.70812626134014       -1.36770407013720       -0.60934994867876
C           -0.12914003662117       -1.29749573472232        0.47759506020486
C           -1.50274268790869       -1.90417122028852        0.46990544319691
C           -2.46923376619373       -1.09780631237616       -0.40933171654740
C           -2.49977204323945        0.38297312860522       -0.01580401550853
C           -1.32133608579737        1.12618719834014       -0.61801770669358
O           -1.05815328868945        1.04233224978069       -1.80087201263277
C           -0.52864951625549        1.96290489482693        0.30997250358107
C            0.65580043880755        2.45282958777976       -0.04421692588061
C            2.29986028726329       -0.05151394629477        0.61387545117285
O            1.49864825185060       -0.03885306883932        1.64239643421936
C            0.31970356069193       -0.60845261178770        1.60813595872474
H            0.41226146513414       -1.89937226584721       -1.50040122762816
H           -1.44804643101727       -2.92311479460984        0.08425641981498
H           -1.88773832807323       -1.94147263987872        1.49002024916673
H           -3.46639056280144       -1.52847683758473       -0.31387965642729
H           -2.16590485299580       -1.16610758630891       -1.45551342768959
H           -2.52791931761592        0.49454591377931        1.06726959099089
H           -3.39965517573533        0.83988590656763       -0.43535111435478
H           -0.94981517393366        2.14952775505106        1.28707915046276
H            1.05367612869281        2.24938136507395       -1.02538621899978
H            1.25209093894648        3.06014413796352        0.61540075203686
H            3.23859623404221        0.46113191450431        0.76665553339382
H           -0.23686321712292       -0.52049395984328        2.52756253293778
26
 energy: -41.810285753381 gnorm: 0.000709737827 xtb: 6.7.1 (edcfbbe)
O            2.80333316847012       -0.76634238374794       -1.56949613108187
C            2.01255583248871       -0.73575757453616       -0.61936042194036
C            0.71080222991661       -1.36875798944750       -0.60814251467711
C           -0.12703075624592       -1.29717617987040        0.47841907270344
C           -1.50133224397373       -1.90235546843555        0.46954518861183
C           -2.46813065078674       -1.09620418929959       -0.40926211285820
C           -2.50315390091972        0.38502680559059       -0.01597506732717
C           -1.32787622676091        1.13214064296645       -0.62006335353274
O           -1.06748721593805        1.05217236475373       -1.80324324198818
C           -0.53221386641515        1.96465142863156        0.30782301651646
C            0.65120470976119        2.45469246611049       -0.04783210746642
C            2.30470822895651       -0.05799533064701        0.61760853807194
O            1.50246759239459       -0.04316935355660        1.64529140555647
C            0.32291844273815       -0.61128175420453        1.60981607018602
H            0.41349908024605       -1.89862510102682       -1.50102514843751
H           -1.44704036429480       -2.92086508146619        0.08229795495886
H           -1.88663106106047       -1.94114434447730        1.48953726795784
H           -3.46457170931054       -1.52889877644405       -0.31436857566453
H           -2.16461874413215       -1.16297856249575       -1.45544430925245
H           -2.52951248179361        0.49764353783276        1.06722741479679
H           -3.40608207305669        0.83722831319132       -0.43440738719207
H           -0.94840982619423        2.14545645209281        1.28837702834001
H            1.04691719319393        2.25549186836695       -1.03157516373879
H            1.25233097958067        3.05486279031177        0.61365226046225
H            3.24403196795770        0.45349375271340        0.77128479754536
H           -0.23470530482174       -0.52172533290650        2.52853351945123
26
 energy: -41.810289806709 gnorm: 0.000417591171 xtb: 6.7.1 (edcfbbe)
O            2.80437086034047       -0.77183925955254       -1.56940132135268
C            2.01339386608388       -0.73941722706621       -0.61954802071431
C            0.71146367325427       -1.37194865030693       -0.60759578120574
C           -0.12688829286257       -1.29797099627018        0.47840514259583
C           -1.50141102911837       -1.90258188270287        0.46993673373840
C           -2.46787797558874       -1.09628897330518       -0.40915950647248
C           -2.50249229673846        0.38500496696667       -0.01639759735412
C           -1.32718974286123        1.13233875194670       -0.62009410345848
O           -1.06503029135337        1.05069367045268       -1.80285583471351
C           -0.53364301256774        1.96689214129519        0.30792729539288
C            0.64965230851864        2.45831757608858       -0.04632801094696
C            2.30548352849012       -0.05977843904540        0.61636370889052
O            1.50260674076484       -0.04236436513296        1.64349788603938
C            0.32277255794971       -0.60990919289428        1.60865434324553
H            0.41447137535070       -1.90341319950246       -1.49939975342210
H           -1.44760815079644       -2.92120599684476        0.08298379434500
H           -1.88663042943285       -1.94089922242539        1.48996973926186
H           -3.46446003769125       -1.52859686032093       -0.31412465710087
H           -2.16428070185285       -1.16363189819907       -1.45528174132629
H           -2.52960494227640        0.49799562184341        1.06669656603802
H           -3.40502051008493        0.83730120875801       -0.43548942807661
H           -0.95162444913059        2.14855263744173        1.28749977224197
H            1.04741165593007        2.25862198259607       -1.02896261844941
H            1.24852375516743        3.06032121434462        0.61563472699253
H            3.24488740492921        0.45167490105862        0.76940770860838
H           -0.23530286442376       -0.51828550922318        2.52687895720444
